-------------------------------------------------------------------------------
Test set: com.studentapplication.junit.studentsinfo.FirstSerenityTest
-------------------------------------------------------------------------------
Tests run: 8, Failures: 1, Errors: 2, Skipped: 3, Time elapsed: 32.866 s <<< FAILURE! - in com.studentapplication.junit.studentsinfo.FirstSerenityTest
com.studentapplication.junit.studentsinfo.FirstSerenityTest.fileDoesNotExists  Time elapsed: 0.428 s  <<< ERROR!
java.io.FileNotFoundException: E:\file1.txt (The system cannot find the path specified)
	at StudentApplication@0.0.1-SNAPSHOT/com.studentapplication.junit.studentsinfo.FirstSerenityTest.fileDoesNotExists(FirstSerenityTest.java:62)

com.studentapplication.junit.studentsinfo.FirstSerenityTest.thisIsAFailingTest  Time elapsed: 10.795 s  <<< FAILURE!
java.lang.AssertionError: 
1 expectation failed.
Expected status code <500> but was <200>.

	at StudentApplication@0.0.1-SNAPSHOT/com.studentapplication.junit.studentsinfo.FirstSerenityTest.thisIsAFailingTest(FirstSerenityTest.java:41)

com.studentapplication.junit.studentsinfo.FirstSerenityTest.thisIsATestWithError  Time elapsed: 0.017 s  <<< ERROR!
java.lang.ArithmeticException: / by zero
	at StudentApplication@0.0.1-SNAPSHOT/com.studentapplication.junit.studentsinfo.FirstSerenityTest.thisIsATestWithError(FirstSerenityTest.java:56)

