<?xml version="1.0" encoding="UTF-8"?>
<testsuite xmlns:xsi="http://www.w3.org/2001/XMLSchema-instance" xsi:noNamespaceSchemaLocation="https://maven.apache.org/surefire/maven-failsafe-plugin/xsd/failsafe-test-report-3.0.xsd" version="3.0" name="com.studentapplication.junit.studentsinfo.CreateStudentsDataDrivenTest" time="24.201" tests="0" errors="0" skipped="0" failures="0">
  <properties>
[...]
</properties>
  <testcase name="createMultipleStudents" classname="com.studentapplication.junit.studentsinfo.CreateStudentsDataDrivenTest" time="8.549">
    <system-out><![CDATA[20:46:02.096 [main] DEBUG n.t.core.reports.ReportService - Reporting formats: [JSON, HTML]
20:46:02.536 [main] DEBUG n.t.core.reports.ReportService - Reporting formats: [JSON, HTML]
20:46:02.613 [main] DEBUG n.t.core.reports.ReportService - Reporting formats: [JSON, HTML]
20:46:02.615 [main] DEBUG n.t.core.reports.ReportService - Reporting formats: [JSON, HTML]
20:46:02.622 [main] DEBUG n.t.core.reports.ReportService - Reporting formats: [JSON, HTML]
20:46:02.624 [main] DEBUG n.t.core.reports.ReportService - Reporting formats: [JSON, HTML]
20:46:02.633 [main] DEBUG n.t.core.reports.ReportService - Reporting formats: [JSON, HTML]
20:46:02.636 [main] DEBUG n.t.core.reports.ReportService - Reporting formats: [JSON, HTML]
20:46:02.676 [main] DEBUG n.t.core.reports.ReportService - Reporting formats: [JSON, HTML]
20:46:02.703 [main] DEBUG n.t.core.reports.ReportService - Reporting formats: [JSON, HTML]
20:46:02.713 [main] DEBUG n.t.core.reports.ReportService - Reporting formats: [JSON, HTML]
20:46:02.715 [main] DEBUG n.t.core.reports.ReportService - Reporting formats: [JSON, HTML]
20:46:02.721 [main] DEBUG n.t.core.reports.ReportService - Reporting formats: [JSON, HTML]
20:46:02.724 [main] DEBUG n.t.core.reports.ReportService - Reporting formats: [JSON, HTML]
20:46:02.734 [main] DEBUG n.t.core.reports.ReportService - Reporting formats: [JSON, HTML]
20:46:02.737 [main] DEBUG n.t.core.reports.ReportService - Reporting formats: [JSON, HTML]
20:46:02.791 [main] DEBUG n.t.core.reports.ReportService - Reporting formats: [JSON, HTML]
20:46:02.793 [main] DEBUG n.t.core.reports.ReportService - Reporting formats: [JSON, HTML]
20:46:02.799 [main] DEBUG n.t.core.reports.ReportService - Reporting formats: [JSON, HTML]
20:46:02.802 [main] DEBUG n.t.core.reports.ReportService - Reporting formats: [JSON, HTML]
20:46:02.809 [main] DEBUG n.t.core.reports.ReportService - Reporting formats: [JSON, HTML]
20:46:02.811 [main] DEBUG n.t.core.reports.ReportService - Reporting formats: [JSON, HTML]
20:46:02.817 [main] DEBUG n.t.core.reports.ReportService - Reporting formats: [JSON, HTML]
20:46:02.818 [main] DEBUG n.t.core.reports.ReportService - Reporting formats: [JSON, HTML]
20:46:02.826 [main] DEBUG n.t.core.reports.ReportService - Reporting formats: [JSON, HTML]
20:46:02.841 [main] DEBUG n.t.core.reports.ReportService - Reporting formats: [JSON, HTML]
20:46:02.877 [main] DEBUG n.t.core.reports.ReportService - Reporting formats: [JSON, HTML]
20:46:02.879 [main] DEBUG n.t.core.reports.ReportService - Reporting formats: [JSON, HTML]
20:46:02.891 [main] DEBUG n.t.core.reports.ReportService - Reporting formats: [JSON, HTML]
20:46:02.894 [main] DEBUG n.t.core.reports.ReportService - Reporting formats: [JSON, HTML]
20:46:02.911 [main] DEBUG n.t.core.reports.ReportService - Reporting formats: [JSON, HTML]
20:46:02.917 [main] DEBUG n.t.core.reports.ReportService - Reporting formats: [JSON, HTML]
20:46:02.946 [main] DEBUG n.t.core.reports.ReportService - Reporting formats: [JSON, HTML]
20:46:02.952 [main] DEBUG n.t.core.reports.ReportService - Reporting formats: [JSON, HTML]
20:46:03.011 [main] DEBUG n.t.core.reports.ReportService - Reporting formats: [JSON, HTML]
20:46:03.014 [main] DEBUG n.t.core.reports.ReportService - Reporting formats: [JSON, HTML]
20:46:03.020 [main] DEBUG n.t.core.reports.ReportService - Reporting formats: [JSON, HTML]
20:46:03.024 [main] DEBUG n.t.core.reports.ReportService - Reporting formats: [JSON, HTML]
20:46:03.029 [main] DEBUG n.t.core.reports.ReportService - Reporting formats: [JSON, HTML]
20:46:03.037 [main] DEBUG n.t.core.reports.ReportService - Reporting formats: [JSON, HTML]
20:46:03.043 [main] DEBUG n.t.core.reports.ReportService - Reporting formats: [JSON, HTML]
20:46:03.044 [main] DEBUG n.t.core.reports.ReportService - Reporting formats: [JSON, HTML]
20:46:03.057 [main] DEBUG n.t.core.reports.ReportService - Reporting formats: [JSON, HTML]
20:46:03.060 [main] DEBUG n.t.core.reports.ReportService - Reporting formats: [JSON, HTML]
20:46:03.078 [main] DEBUG n.t.core.reports.ReportService - Reporting formats: [JSON, HTML]
20:46:03.080 [main] DEBUG n.t.core.reports.ReportService - Reporting formats: [JSON, HTML]
20:46:03.086 [main] DEBUG n.t.core.reports.ReportService - Reporting formats: [JSON, HTML]
20:46:03.089 [main] DEBUG n.t.core.reports.ReportService - Reporting formats: [JSON, HTML]
20:46:03.096 [main] DEBUG n.t.core.reports.ReportService - Reporting formats: [JSON, HTML]
20:46:03.098 [main] DEBUG n.t.core.reports.ReportService - Reporting formats: [JSON, HTML]
20:46:03.102 [main] DEBUG n.t.core.reports.ReportService - Reporting formats: [JSON, HTML]
20:46:03.105 [main] DEBUG n.t.core.reports.ReportService - Reporting formats: [JSON, HTML]
20:46:03.157 [main] DEBUG n.t.core.reports.ReportService - Reporting formats: [JSON, HTML]
20:46:03.159 [main] DEBUG n.t.core.reports.ReportService - Reporting formats: [JSON, HTML]
20:46:03.169 [main] DEBUG n.t.core.reports.ReportService - Reporting formats: [JSON, HTML]
20:46:03.171 [main] DEBUG n.t.core.reports.ReportService - Reporting formats: [JSON, HTML]
20:46:03.175 [main] DEBUG n.t.core.reports.ReportService - Reporting formats: [JSON, HTML]
20:46:03.177 [main] DEBUG n.t.core.reports.ReportService - Reporting formats: [JSON, HTML]
20:46:03.181 [main] DEBUG n.t.core.reports.ReportService - Reporting formats: [JSON, HTML]
20:46:03.182 [main] DEBUG n.t.core.reports.ReportService - Reporting formats: [JSON, HTML]
20:46:03.194 [main] DEBUG n.t.core.reports.ReportService - Reporting formats: [JSON, HTML]
20:46:03.195 [main] DEBUG n.t.core.reports.ReportService - Reporting formats: [JSON, HTML]
20:46:03.199 [main] DEBUG n.t.core.reports.ReportService - Reporting formats: [JSON, HTML]
20:46:03.224 [main] DEBUG n.t.core.reports.ReportService - Reporting formats: [JSON, HTML]
20:46:03.231 [main] DEBUG n.t.core.reports.ReportService - Reporting formats: [JSON, HTML]
20:46:03.232 [main] DEBUG n.t.core.reports.ReportService - Reporting formats: [JSON, HTML]
20:46:03.237 [main] DEBUG n.t.core.reports.ReportService - Reporting formats: [JSON, HTML]
20:46:03.238 [main] DEBUG n.t.core.reports.ReportService - Reporting formats: [JSON, HTML]
20:46:03.241 [main] DEBUG n.t.core.reports.ReportService - Reporting formats: [JSON, HTML]
20:46:03.242 [main] DEBUG n.t.core.reports.ReportService - Reporting formats: [JSON, HTML]
20:46:03.247 [main] DEBUG n.t.core.reports.ReportService - Reporting formats: [JSON, HTML]
20:46:03.248 [main] DEBUG n.t.core.reports.ReportService - Reporting formats: [JSON, HTML]
20:46:03.252 [main] DEBUG n.t.core.reports.ReportService - Reporting formats: [JSON, HTML]
20:46:03.254 [main] DEBUG n.t.core.reports.ReportService - Reporting formats: [JSON, HTML]
20:46:03.263 [main] DEBUG n.t.core.reports.ReportService - Reporting formats: [JSON, HTML]
20:46:03.265 [main] DEBUG n.t.core.reports.ReportService - Reporting formats: [JSON, HTML]
20:46:03.271 [main] DEBUG n.t.core.reports.ReportService - Reporting formats: [JSON, HTML]
20:46:03.273 [main] DEBUG n.t.core.reports.ReportService - Reporting formats: [JSON, HTML]
20:46:03.278 [main] DEBUG n.t.core.reports.ReportService - Reporting formats: [JSON, HTML]
20:46:03.280 [main] DEBUG n.t.core.reports.ReportService - Reporting formats: [JSON, HTML]
20:46:03.285 [main] DEBUG n.t.core.reports.ReportService - Reporting formats: [JSON, HTML]
20:46:03.287 [main] DEBUG n.t.core.reports.ReportService - Reporting formats: [JSON, HTML]
20:46:03.291 [main] DEBUG n.t.core.reports.ReportService - Reporting formats: [JSON, HTML]
20:46:03.293 [main] DEBUG n.t.core.reports.ReportService - Reporting formats: [JSON, HTML]
20:46:03.296 [main] DEBUG n.t.core.reports.ReportService - Reporting formats: [JSON, HTML]
20:46:03.297 [main] DEBUG n.t.core.reports.ReportService - Reporting formats: [JSON, HTML]
20:46:03.301 [main] DEBUG n.t.core.reports.ReportService - Reporting formats: [JSON, HTML]
20:46:03.329 [main] DEBUG n.t.core.reports.ReportService - Reporting formats: [JSON, HTML]
20:46:03.334 [main] DEBUG n.t.core.reports.ReportService - Reporting formats: [JSON, HTML]
20:46:03.336 [main] DEBUG n.t.core.reports.ReportService - Reporting formats: [JSON, HTML]
20:46:03.345 [main] DEBUG n.t.core.reports.ReportService - Reporting formats: [JSON, HTML]
20:46:03.346 [main] DEBUG n.t.core.reports.ReportService - Reporting formats: [JSON, HTML]
20:46:03.353 [main] DEBUG n.t.core.reports.ReportService - Reporting formats: [JSON, HTML]
20:46:03.356 [main] DEBUG n.t.core.reports.ReportService - Reporting formats: [JSON, HTML]
20:46:03.361 [main] DEBUG n.t.core.reports.ReportService - Reporting formats: [JSON, HTML]
20:46:03.363 [main] DEBUG n.t.core.reports.ReportService - Reporting formats: [JSON, HTML]
20:46:03.369 [main] DEBUG n.t.core.reports.ReportService - Reporting formats: [JSON, HTML]
20:46:03.371 [main] DEBUG n.t.core.reports.ReportService - Reporting formats: [JSON, HTML]
20:46:03.395 [main] DEBUG n.t.core.reports.ReportService - Reporting formats: [JSON, HTML]
20:46:03.396 [main] DEBUG n.t.core.reports.ReportService - Reporting formats: [JSON, HTML]
20:46:03.400 [main] DEBUG n.t.core.reports.ReportService - Reporting formats: [JSON, HTML]
20:46:03.414 [main] DEBUG n.t.core.reports.ReportService - Reporting formats: [JSON, HTML]
20:46:03.424 [main] DEBUG n.t.core.reports.ReportService - Reporting formats: [JSON, HTML]
20:46:03.427 [main] DEBUG n.t.core.reports.ReportService - Reporting formats: [JSON, HTML]
20:46:03.431 [main] DEBUG n.t.core.reports.ReportService - Reporting formats: [JSON, HTML]
20:46:03.433 [main] DEBUG n.t.core.reports.ReportService - Reporting formats: [JSON, HTML]
20:46:03.451 [main] DEBUG n.t.core.reports.ReportService - Reporting formats: [JSON, HTML]
20:46:03.455 [main] DEBUG n.t.core.reports.ReportService - Reporting formats: [JSON, HTML]
20:46:03.462 [main] DEBUG n.t.core.reports.ReportService - Reporting formats: [JSON, HTML]
20:46:03.466 [main] DEBUG n.t.core.reports.ReportService - Reporting formats: [JSON, HTML]
20:46:03.538 [main] DEBUG n.t.core.reports.ReportService - Reporting formats: [JSON, HTML]
20:46:03.549 [main] DEBUG n.t.core.reports.ReportService - Reporting formats: [JSON, HTML]
20:46:03.625 [main] DEBUG n.t.core.reports.ReportService - Reporting formats: [JSON, HTML]
20:46:03.627 [main] DEBUG n.t.core.reports.ReportService - Reporting formats: [JSON, HTML]
20:46:03.631 [main] DEBUG n.t.core.reports.ReportService - Reporting formats: [JSON, HTML]
20:46:03.639 [main] DEBUG n.t.core.reports.ReportService - Reporting formats: [JSON, HTML]
20:46:03.643 [main] DEBUG n.t.core.reports.ReportService - Reporting formats: [JSON, HTML]
20:46:03.647 [main] DEBUG n.t.core.reports.ReportService - Reporting formats: [JSON, HTML]
20:46:03.663 [main] DEBUG n.t.core.reports.ReportService - Reporting formats: [JSON, HTML]
20:46:03.664 [main] DEBUG n.t.core.reports.ReportService - Reporting formats: [JSON, HTML]
20:46:03.684 [main] DEBUG n.t.core.reports.ReportService - Reporting formats: [JSON, HTML]
20:46:03.703 [main] DEBUG n.t.core.reports.ReportService - Reporting formats: [JSON, HTML]
20:46:03.714 [main] DEBUG n.t.core.reports.ReportService - Reporting formats: [JSON, HTML]
20:46:03.721 [main] DEBUG n.t.core.reports.ReportService - Reporting formats: [JSON, HTML]
20:46:03.726 [main] DEBUG n.t.core.reports.ReportService - Reporting formats: [JSON, HTML]
20:46:03.727 [main] DEBUG n.t.core.reports.ReportService - Reporting formats: [JSON, HTML]
20:46:03.743 [main] DEBUG n.t.core.reports.ReportService - Reporting formats: [JSON, HTML]
20:46:03.749 [main] DEBUG n.t.core.reports.ReportService - Reporting formats: [JSON, HTML]
20:46:03.761 [main] DEBUG n.t.core.reports.ReportService - Reporting formats: [JSON, HTML]
20:46:03.762 [main] DEBUG n.t.core.reports.ReportService - Reporting formats: [JSON, HTML]
20:46:03.767 [main] DEBUG n.t.core.reports.ReportService - Reporting formats: [JSON, HTML]
20:46:03.768 [main] DEBUG n.t.core.reports.ReportService - Reporting formats: [JSON, HTML]
20:46:03.772 [main] DEBUG n.t.core.reports.ReportService - Reporting formats: [JSON, HTML]
20:46:03.801 [main] DEBUG n.t.core.reports.ReportService - Reporting formats: [JSON, HTML]
20:46:03.806 [main] DEBUG n.t.core.reports.ReportService - Reporting formats: [JSON, HTML]
20:46:03.807 [main] DEBUG n.t.core.reports.ReportService - Reporting formats: [JSON, HTML]
20:46:03.811 [main] DEBUG n.t.core.reports.ReportService - Reporting formats: [JSON, HTML]
20:46:03.813 [main] DEBUG n.t.core.reports.ReportService - Reporting formats: [JSON, HTML]
20:46:03.818 [main] DEBUG n.t.core.reports.ReportService - Reporting formats: [JSON, HTML]
20:46:03.822 [main] DEBUG n.t.core.reports.ReportService - Reporting formats: [JSON, HTML]
20:46:03.827 [main] DEBUG n.t.core.reports.ReportService - Reporting formats: [JSON, HTML]
20:46:03.828 [main] DEBUG n.t.core.reports.ReportService - Reporting formats: [JSON, HTML]
20:46:03.841 [main] DEBUG n.t.core.reports.ReportService - Reporting formats: [JSON, HTML]
20:46:03.842 [main] DEBUG n.t.core.reports.ReportService - Reporting formats: [JSON, HTML]
20:46:03.847 [main] DEBUG n.t.core.reports.ReportService - Reporting formats: [JSON, HTML]
20:46:03.848 [main] DEBUG n.t.core.reports.ReportService - Reporting formats: [JSON, HTML]
20:46:03.972 [main] DEBUG n.t.core.reports.ReportService - Reporting formats: [JSON, HTML]
20:46:03.973 [main] DEBUG n.t.core.reports.ReportService - Reporting formats: [JSON, HTML]
20:46:03.977 [main] DEBUG n.t.core.reports.ReportService - Reporting formats: [JSON, HTML]
20:46:03.978 [main] DEBUG n.t.core.reports.ReportService - Reporting formats: [JSON, HTML]
20:46:03.981 [main] DEBUG n.t.core.reports.ReportService - Reporting formats: [JSON, HTML]
20:46:03.983 [main] DEBUG n.t.core.reports.ReportService - Reporting formats: [JSON, HTML]
20:46:03.998 [main] DEBUG n.t.core.reports.ReportService - Reporting formats: [JSON, HTML]
20:46:04.001 [main] DEBUG n.t.core.reports.ReportService - Reporting formats: [JSON, HTML]
20:46:04.007 [main] DEBUG n.t.core.reports.ReportService - Reporting formats: [JSON, HTML]
20:46:04.009 [main] DEBUG n.t.core.reports.ReportService - Reporting formats: [JSON, HTML]
20:46:04.013 [main] DEBUG n.t.core.reports.ReportService - Reporting formats: [JSON, HTML]
20:46:04.014 [main] DEBUG n.t.core.reports.ReportService - Reporting formats: [JSON, HTML]
20:46:04.020 [main] DEBUG n.t.core.reports.ReportService - Reporting formats: [JSON, HTML]
20:46:04.021 [main] DEBUG n.t.core.reports.ReportService - Reporting formats: [JSON, HTML]
20:46:04.024 [main] DEBUG n.t.core.reports.ReportService - Reporting formats: [JSON, HTML]
20:46:04.026 [main] DEBUG n.t.core.reports.ReportService - Reporting formats: [JSON, HTML]
20:46:04.029 [main] DEBUG n.t.core.reports.ReportService - Reporting formats: [JSON, HTML]
20:46:04.030 [main] DEBUG n.t.core.reports.ReportService - Reporting formats: [JSON, HTML]
20:46:04.033 [main] DEBUG n.t.core.reports.ReportService - Reporting formats: [JSON, HTML]
20:46:04.034 [main] DEBUG n.t.core.reports.ReportService - Reporting formats: [JSON, HTML]
20:46:04.038 [main] DEBUG n.t.core.reports.ReportService - Reporting formats: [JSON, HTML]
20:46:04.039 [main] DEBUG n.t.core.reports.ReportService - Reporting formats: [JSON, HTML]
20:46:04.043 [main] DEBUG n.t.core.reports.ReportService - Reporting formats: [JSON, HTML]
20:46:04.044 [main] DEBUG n.t.core.reports.ReportService - Reporting formats: [JSON, HTML]
20:46:04.048 [main] DEBUG n.t.core.reports.ReportService - Reporting formats: [JSON, HTML]
20:46:04.049 [main] DEBUG n.t.core.reports.ReportService - Reporting formats: [JSON, HTML]
20:46:04.052 [main] DEBUG n.t.core.reports.ReportService - Reporting formats: [JSON, HTML]
20:46:04.053 [main] DEBUG n.t.core.reports.ReportService - Reporting formats: [JSON, HTML]
20:46:04.056 [main] DEBUG n.t.core.reports.ReportService - Reporting formats: [JSON, HTML]
20:46:04.058 [main] DEBUG n.t.core.reports.ReportService - Reporting formats: [JSON, HTML]
20:46:04.063 [main] DEBUG n.t.core.reports.ReportService - Reporting formats: [JSON, HTML]
20:46:04.064 [main] DEBUG n.t.core.reports.ReportService - Reporting formats: [JSON, HTML]
20:46:04.068 [main] DEBUG n.t.core.reports.ReportService - Reporting formats: [JSON, HTML]
20:46:04.069 [main] DEBUG n.t.core.reports.ReportService - Reporting formats: [JSON, HTML]
20:46:04.075 [main] DEBUG n.t.core.reports.ReportService - Reporting formats: [JSON, HTML]
20:46:04.076 [main] DEBUG n.t.core.reports.ReportService - Reporting formats: [JSON, HTML]
20:46:04.080 [main] DEBUG n.t.core.reports.ReportService - Reporting formats: [JSON, HTML]
20:46:04.081 [main] DEBUG n.t.core.reports.ReportService - Reporting formats: [JSON, HTML]
20:46:04.088 [main] DEBUG n.t.core.reports.ReportService - Reporting formats: [JSON, HTML]
20:46:04.089 [main] DEBUG n.t.core.reports.ReportService - Reporting formats: [JSON, HTML]
20:46:04.181 [main] DEBUG n.t.core.reports.ReportService - Reporting formats: [JSON, HTML]
20:46:04.182 [main] DEBUG n.t.core.reports.ReportService - Reporting formats: [JSON, HTML]
20:46:04.186 [main] DEBUG n.t.core.reports.ReportService - Reporting formats: [JSON, HTML]
20:46:04.188 [main] DEBUG n.t.core.reports.ReportService - Reporting formats: [JSON, HTML]
20:46:04.198 [main] DEBUG n.t.core.reports.ReportService - Reporting formats: [JSON, HTML]
20:46:04.200 [main] DEBUG n.t.core.reports.ReportService - Reporting formats: [JSON, HTML]
20:46:04.204 [main] DEBUG n.t.core.reports.ReportService - Reporting formats: [JSON, HTML]
20:46:04.206 [main] DEBUG n.t.core.reports.ReportService - Reporting formats: [JSON, HTML]
20:46:04.212 [main] DEBUG n.t.core.reports.ReportService - Reporting formats: [JSON, HTML]
20:46:04.214 [main] DEBUG n.t.core.reports.ReportService - Reporting formats: [JSON, HTML]
20:46:04.218 [main] DEBUG n.t.core.reports.ReportService - Reporting formats: [JSON, HTML]
20:46:04.219 [main] DEBUG n.t.core.reports.ReportService - Reporting formats: [JSON, HTML]
20:46:04.376 [main] DEBUG n.t.core.reports.ReportService - Reporting formats: [JSON, HTML]
20:46:04.380 [main] DEBUG n.t.core.reports.ReportService - Reporting formats: [JSON, HTML]
20:46:09.042 [CreateStudentsDataDrivenTest-1-thread-16] INFO   - 

-------------------------------------------------------------------------------------
     _______. _______ .______       _______ .__   __.  __  .___________.____    ____ 
    /       ||   ____||   _  \     |   ____||  \ |  | |  | |           |\   \  /   / 
   |   (----`|  |__   |  |_)  |    |  |__   |   \|  | |  | `---|  |----` \   \/   /  
    \   \    |   __|  |      /     |   __|  |  . `  | |  |     |  |       \_    _/   
.----)   |   |  |____ |  |\  \----.|  |____ |  |\   | |  |     |  |         |  |     
|_______/    |_______|| _| `._____||_______||__| \__| |__|     |__|         |__|    
                                                                                     
 News and tutorials at http://www.serenity-bdd.info                                  
 Documentation at https://wakaleo.gitbooks.io/the-serenity-book/content/             
 Join the Serenity Community on Gitter: https://gitter.im/serenity-bdd/serenity-core 
 Serenity BDD Support and Training at http://serenity-bdd.info/#/trainingandsupport  
-------------------------------------------------------------------------------------

20:46:09.139 [CreateStudentsDataDrivenTest-1-thread-1] DEBUG n.thucydides.core.steps.StepEventBus - Test suite started for class com.studentapplication.junit.studentsinfo.CreateStudentsDataDrivenTest
20:46:09.147 [CreateStudentsDataDrivenTest-1-thread-1] INFO   - Test Suite Started: Create students data driven test
20:46:09.220 [CreateStudentsDataDrivenTest-1-thread-1] DEBUG n.s.j.SerenityTestExecutionListener - Thread[CreateStudentsDataDrivenTest-1-thread-1,5,CreateStudentsDataDrivenTest-1] Test started TestIdentifier [uniqueId = [engine:junit-vintage]/[runner:com.studentapplication.junit.studentsinfo.CreateStudentsDataDrivenTest]/[test:com.studentapplication.junit.studentsinfo.CreateStudentsDataDrivenTest%5B0%5D]/[test:createMultipleStudents%5B0%5D(com.studentapplication.junit.studentsinfo.CreateStudentsDataDrivenTest)], parentId = [engine:junit-vintage]/[runner:com.studentapplication.junit.studentsinfo.CreateStudentsDataDrivenTest]/[test:com.studentapplication.junit.studentsinfo.CreateStudentsDataDrivenTest%5B0%5D], displayName = 'createMultipleStudents[0]', legacyReportingName = 'createMultipleStudents[0]', source = MethodSource [className = 'com.studentapplication.junit.studentsinfo.CreateStudentsDataDrivenTest', methodName = 'createMultipleStudents', methodParameterTypes = ''], tags = [], type = TEST]
20:46:09.222 [CreateStudentsDataDrivenTest-1-thread-1] INFO   - 
  _____   ___   ___   _____     ___   _____     _     ___   _____   ___   ___  
 |_   _| | __| / __| |_   _|   / __| |_   _|   /_\   | _ \ |_   _| | __| |   \ 
   | |   | _|  \__ \   | |     \__ \   | |    / _ \  |   /   | |   | _|  | |) |
   |_|   |___| |___/   |_|     |___/   |_|   /_/ \_\ |_|_\   |_|   |___| |___/ 

createMultipleStudents
--------------------------------------------------------------------------------
20:46:09.354 [CreateStudentsDataDrivenTest-1-thread-1] INFO   - 
  _____   ___   ___   _____     ___   _____     _     ___   _____   ___   ___  
 |_   _| | __| / __| |_   _|   / __| |_   _|   /_\   | _ \ |_   _| | __| |   \ 
   | |   | _|  \__ \   | |     \__ \   | |    / _ \  |   /   | |   | _|  | |) |
   |_|   |___| |___/   |_|     |___/   |_|   /_/ \_\ |_|_\   |_|   |___| |___/ 

createMultipleStudents[0]
--------------------------------------------------------------------------------
20:46:09.359 [CreateStudentsDataDrivenTest-1-thread-11] DEBUG n.thucydides.core.steps.StepEventBus - Test suite started for class com.studentapplication.junit.studentsinfo.CreateStudentsDataDrivenTest
20:46:09.360 [CreateStudentsDataDrivenTest-1-thread-11] INFO   - Test Suite Started: Create students data driven test
20:46:09.361 [CreateStudentsDataDrivenTest-1-thread-11] DEBUG n.s.j.SerenityTestExecutionListener - Thread[CreateStudentsDataDrivenTest-1-thread-11,5,CreateStudentsDataDrivenTest-1] Test started TestIdentifier [uniqueId = [engine:junit-vintage]/[runner:com.studentapplication.junit.studentsinfo.CreateStudentsDataDrivenTest]/[test:com.studentapplication.junit.studentsinfo.CreateStudentsDataDrivenTest%5B10%5D]/[test:createMultipleStudents%5B10%5D(com.studentapplication.junit.studentsinfo.CreateStudentsDataDrivenTest)], parentId = [engine:junit-vintage]/[runner:com.studentapplication.junit.studentsinfo.CreateStudentsDataDrivenTest]/[test:com.studentapplication.junit.studentsinfo.CreateStudentsDataDrivenTest%5B10%5D], displayName = 'createMultipleStudents[10]', legacyReportingName = 'createMultipleStudents[10]', source = MethodSource [className = 'com.studentapplication.junit.studentsinfo.CreateStudentsDataDrivenTest', methodName = 'createMultipleStudents', methodParameterTypes = ''], tags = [], type = TEST]
20:46:09.362 [CreateStudentsDataDrivenTest-1-thread-11] INFO   - 
  _____   ___   ___   _____     ___   _____     _     ___   _____   ___   ___  
 |_   _| | __| / __| |_   _|   / __| |_   _|   /_\   | _ \ |_   _| | __| |   \ 
   | |   | _|  \__ \   | |     \__ \   | |    / _ \  |   /   | |   | _|  | |) |
   |_|   |___| |___/   |_|     |___/   |_|   /_/ \_\ |_|_\   |_|   |___| |___/ 

createMultipleStudents
--------------------------------------------------------------------------------
20:46:09.369 [CreateStudentsDataDrivenTest-1-thread-11] INFO   - 
  _____   ___   ___   _____     ___   _____     _     ___   _____   ___   ___  
 |_   _| | __| / __| |_   _|   / __| |_   _|   /_\   | _ \ |_   _| | __| |   \ 
   | |   | _|  \__ \   | |     \__ \   | |    / _ \  |   /   | |   | _|  | |) |
   |_|   |___| |___/   |_|     |___/   |_|   /_/ \_\ |_|_\   |_|   |___| |___/ 

createMultipleStudents[10]
--------------------------------------------------------------------------------
20:46:09.373 [CreateStudentsDataDrivenTest-1-thread-4] DEBUG n.thucydides.core.steps.StepEventBus - Test suite started for class com.studentapplication.junit.studentsinfo.CreateStudentsDataDrivenTest
20:46:09.374 [CreateStudentsDataDrivenTest-1-thread-4] INFO   - Test Suite Started: Create students data driven test
20:46:09.375 [CreateStudentsDataDrivenTest-1-thread-4] DEBUG n.s.j.SerenityTestExecutionListener - Thread[CreateStudentsDataDrivenTest-1-thread-4,5,CreateStudentsDataDrivenTest-1] Test started TestIdentifier [uniqueId = [engine:junit-vintage]/[runner:com.studentapplication.junit.studentsinfo.CreateStudentsDataDrivenTest]/[test:com.studentapplication.junit.studentsinfo.CreateStudentsDataDrivenTest%5B3%5D]/[test:createMultipleStudents%5B3%5D(com.studentapplication.junit.studentsinfo.CreateStudentsDataDrivenTest)], parentId = [engine:junit-vintage]/[runner:com.studentapplication.junit.studentsinfo.CreateStudentsDataDrivenTest]/[test:com.studentapplication.junit.studentsinfo.CreateStudentsDataDrivenTest%5B3%5D], displayName = 'createMultipleStudents[3]', legacyReportingName = 'createMultipleStudents[3]', source = MethodSource [className = 'com.studentapplication.junit.studentsinfo.CreateStudentsDataDrivenTest', methodName = 'createMultipleStudents', methodParameterTypes = ''], tags = [], type = TEST]
20:46:09.375 [CreateStudentsDataDrivenTest-1-thread-4] INFO   - 
  _____   ___   ___   _____     ___   _____     _     ___   _____   ___   ___  
 |_   _| | __| / __| |_   _|   / __| |_   _|   /_\   | _ \ |_   _| | __| |   \ 
   | |   | _|  \__ \   | |     \__ \   | |    / _ \  |   /   | |   | _|  | |) |
   |_|   |___| |___/   |_|     |___/   |_|   /_/ \_\ |_|_\   |_|   |___| |___/ 

createMultipleStudents
--------------------------------------------------------------------------------
20:46:09.377 [CreateStudentsDataDrivenTest-1-thread-4] INFO   - 
  _____   ___   ___   _____     ___   _____     _     ___   _____   ___   ___  
 |_   _| | __| / __| |_   _|   / __| |_   _|   /_\   | _ \ |_   _| | __| |   \ 
   | |   | _|  \__ \   | |     \__ \   | |    / _ \  |   /   | |   | _|  | |) |
   |_|   |___| |___/   |_|     |___/   |_|   /_/ \_\ |_|_\   |_|   |___| |___/ 

createMultipleStudents[3]
--------------------------------------------------------------------------------
20:46:09.380 [CreateStudentsDataDrivenTest-1-thread-8] DEBUG n.thucydides.core.steps.StepEventBus - Test suite started for class com.studentapplication.junit.studentsinfo.CreateStudentsDataDrivenTest
20:46:09.382 [CreateStudentsDataDrivenTest-1-thread-8] INFO   - Test Suite Started: Create students data driven test
20:46:09.382 [CreateStudentsDataDrivenTest-1-thread-8] DEBUG n.s.j.SerenityTestExecutionListener - Thread[CreateStudentsDataDrivenTest-1-thread-8,5,CreateStudentsDataDrivenTest-1] Test started TestIdentifier [uniqueId = [engine:junit-vintage]/[runner:com.studentapplication.junit.studentsinfo.CreateStudentsDataDrivenTest]/[test:com.studentapplication.junit.studentsinfo.CreateStudentsDataDrivenTest%5B7%5D]/[test:createMultipleStudents%5B7%5D(com.studentapplication.junit.studentsinfo.CreateStudentsDataDrivenTest)], parentId = [engine:junit-vintage]/[runner:com.studentapplication.junit.studentsinfo.CreateStudentsDataDrivenTest]/[test:com.studentapplication.junit.studentsinfo.CreateStudentsDataDrivenTest%5B7%5D], displayName = 'createMultipleStudents[7]', legacyReportingName = 'createMultipleStudents[7]', source = MethodSource [className = 'com.studentapplication.junit.studentsinfo.CreateStudentsDataDrivenTest', methodName = 'createMultipleStudents', methodParameterTypes = ''], tags = [], type = TEST]
20:46:09.382 [CreateStudentsDataDrivenTest-1-thread-8] INFO   - 
  _____   ___   ___   _____     ___   _____     _     ___   _____   ___   ___  
 |_   _| | __| / __| |_   _|   / __| |_   _|   /_\   | _ \ |_   _| | __| |   \ 
   | |   | _|  \__ \   | |     \__ \   | |    / _ \  |   /   | |   | _|  | |) |
   |_|   |___| |___/   |_|     |___/   |_|   /_/ \_\ |_|_\   |_|   |___| |___/ 

createMultipleStudents
--------------------------------------------------------------------------------
20:46:09.384 [CreateStudentsDataDrivenTest-1-thread-8] INFO   - 
  _____   ___   ___   _____     ___   _____     _     ___   _____   ___   ___  
 |_   _| | __| / __| |_   _|   / __| |_   _|   /_\   | _ \ |_   _| | __| |   \ 
   | |   | _|  \__ \   | |     \__ \   | |    / _ \  |   /   | |   | _|  | |) |
   |_|   |___| |___/   |_|     |___/   |_|   /_/ \_\ |_|_\   |_|   |___| |___/ 

createMultipleStudents[7]
--------------------------------------------------------------------------------
20:46:09.388 [CreateStudentsDataDrivenTest-1-thread-3] DEBUG n.thucydides.core.steps.StepEventBus - Test suite started for class com.studentapplication.junit.studentsinfo.CreateStudentsDataDrivenTest
20:46:09.391 [CreateStudentsDataDrivenTest-1-thread-3] INFO   - Test Suite Started: Create students data driven test
20:46:09.392 [CreateStudentsDataDrivenTest-1-thread-3] DEBUG n.s.j.SerenityTestExecutionListener - Thread[CreateStudentsDataDrivenTest-1-thread-3,5,CreateStudentsDataDrivenTest-1] Test started TestIdentifier [uniqueId = [engine:junit-vintage]/[runner:com.studentapplication.junit.studentsinfo.CreateStudentsDataDrivenTest]/[test:com.studentapplication.junit.studentsinfo.CreateStudentsDataDrivenTest%5B2%5D]/[test:createMultipleStudents%5B2%5D(com.studentapplication.junit.studentsinfo.CreateStudentsDataDrivenTest)], parentId = [engine:junit-vintage]/[runner:com.studentapplication.junit.studentsinfo.CreateStudentsDataDrivenTest]/[test:com.studentapplication.junit.studentsinfo.CreateStudentsDataDrivenTest%5B2%5D], displayName = 'createMultipleStudents[2]', legacyReportingName = 'createMultipleStudents[2]', source = MethodSource [className = 'com.studentapplication.junit.studentsinfo.CreateStudentsDataDrivenTest', methodName = 'createMultipleStudents', methodParameterTypes = ''], tags = [], type = TEST]
20:46:09.392 [CreateStudentsDataDrivenTest-1-thread-3] INFO   - 
  _____   ___   ___   _____     ___   _____     _     ___   _____   ___   ___  
 |_   _| | __| / __| |_   _|   / __| |_   _|   /_\   | _ \ |_   _| | __| |   \ 
   | |   | _|  \__ \   | |     \__ \   | |    / _ \  |   /   | |   | _|  | |) |
   |_|   |___| |___/   |_|     |___/   |_|   /_/ \_\ |_|_\   |_|   |___| |___/ 

createMultipleStudents
--------------------------------------------------------------------------------
20:46:09.395 [CreateStudentsDataDrivenTest-1-thread-3] INFO   - 
  _____   ___   ___   _____     ___   _____     _     ___   _____   ___   ___  
 |_   _| | __| / __| |_   _|   / __| |_   _|   /_\   | _ \ |_   _| | __| |   \ 
   | |   | _|  \__ \   | |     \__ \   | |    / _ \  |   /   | |   | _|  | |) |
   |_|   |___| |___/   |_|     |___/   |_|   /_/ \_\ |_|_\   |_|   |___| |___/ 

createMultipleStudents[2]
--------------------------------------------------------------------------------
20:46:09.405 [CreateStudentsDataDrivenTest-1-thread-13] DEBUG n.thucydides.core.steps.StepEventBus - Test suite started for class com.studentapplication.junit.studentsinfo.CreateStudentsDataDrivenTest
20:46:09.406 [CreateStudentsDataDrivenTest-1-thread-13] INFO   - Test Suite Started: Create students data driven test
20:46:09.406 [CreateStudentsDataDrivenTest-1-thread-13] DEBUG n.s.j.SerenityTestExecutionListener - Thread[CreateStudentsDataDrivenTest-1-thread-13,5,CreateStudentsDataDrivenTest-1] Test started TestIdentifier [uniqueId = [engine:junit-vintage]/[runner:com.studentapplication.junit.studentsinfo.CreateStudentsDataDrivenTest]/[test:com.studentapplication.junit.studentsinfo.CreateStudentsDataDrivenTest%5B12%5D]/[test:createMultipleStudents%5B12%5D(com.studentapplication.junit.studentsinfo.CreateStudentsDataDrivenTest)], parentId = [engine:junit-vintage]/[runner:com.studentapplication.junit.studentsinfo.CreateStudentsDataDrivenTest]/[test:com.studentapplication.junit.studentsinfo.CreateStudentsDataDrivenTest%5B12%5D], displayName = 'createMultipleStudents[12]', legacyReportingName = 'createMultipleStudents[12]', source = MethodSource [className = 'com.studentapplication.junit.studentsinfo.CreateStudentsDataDrivenTest', methodName = 'createMultipleStudents', methodParameterTypes = ''], tags = [], type = TEST]
20:46:09.406 [CreateStudentsDataDrivenTest-1-thread-13] INFO   - 
  _____   ___   ___   _____     ___   _____     _     ___   _____   ___   ___  
 |_   _| | __| / __| |_   _|   / __| |_   _|   /_\   | _ \ |_   _| | __| |   \ 
   | |   | _|  \__ \   | |     \__ \   | |    / _ \  |   /   | |   | _|  | |) |
   |_|   |___| |___/   |_|     |___/   |_|   /_/ \_\ |_|_\   |_|   |___| |___/ 

createMultipleStudents
--------------------------------------------------------------------------------
20:46:09.410 [CreateStudentsDataDrivenTest-1-thread-13] INFO   - 
  _____   ___   ___   _____     ___   _____     _     ___   _____   ___   ___  
 |_   _| | __| / __| |_   _|   / __| |_   _|   /_\   | _ \ |_   _| | __| |   \ 
   | |   | _|  \__ \   | |     \__ \   | |    / _ \  |   /   | |   | _|  | |) |
   |_|   |___| |___/   |_|     |___/   |_|   /_/ \_\ |_|_\   |_|   |___| |___/ 

createMultipleStudents[12]
--------------------------------------------------------------------------------
20:46:09.415 [CreateStudentsDataDrivenTest-1-thread-6] DEBUG n.thucydides.core.steps.StepEventBus - Test suite started for class com.studentapplication.junit.studentsinfo.CreateStudentsDataDrivenTest
20:46:09.416 [CreateStudentsDataDrivenTest-1-thread-6] INFO   - Test Suite Started: Create students data driven test
20:46:09.417 [CreateStudentsDataDrivenTest-1-thread-6] DEBUG n.s.j.SerenityTestExecutionListener - Thread[CreateStudentsDataDrivenTest-1-thread-6,5,CreateStudentsDataDrivenTest-1] Test started TestIdentifier [uniqueId = [engine:junit-vintage]/[runner:com.studentapplication.junit.studentsinfo.CreateStudentsDataDrivenTest]/[test:com.studentapplication.junit.studentsinfo.CreateStudentsDataDrivenTest%5B5%5D]/[test:createMultipleStudents%5B5%5D(com.studentapplication.junit.studentsinfo.CreateStudentsDataDrivenTest)], parentId = [engine:junit-vintage]/[runner:com.studentapplication.junit.studentsinfo.CreateStudentsDataDrivenTest]/[test:com.studentapplication.junit.studentsinfo.CreateStudentsDataDrivenTest%5B5%5D], displayName = 'createMultipleStudents[5]', legacyReportingName = 'createMultipleStudents[5]', source = MethodSource [className = 'com.studentapplication.junit.studentsinfo.CreateStudentsDataDrivenTest', methodName = 'createMultipleStudents', methodParameterTypes = ''], tags = [], type = TEST]
20:46:09.417 [CreateStudentsDataDrivenTest-1-thread-6] INFO   - 
  _____   ___   ___   _____     ___   _____     _     ___   _____   ___   ___  
 |_   _| | __| / __| |_   _|   / __| |_   _|   /_\   | _ \ |_   _| | __| |   \ 
   | |   | _|  \__ \   | |     \__ \   | |    / _ \  |   /   | |   | _|  | |) |
   |_|   |___| |___/   |_|     |___/   |_|   /_/ \_\ |_|_\   |_|   |___| |___/ 

createMultipleStudents
--------------------------------------------------------------------------------
20:46:09.423 [CreateStudentsDataDrivenTest-1-thread-6] INFO   - 
  _____   ___   ___   _____     ___   _____     _     ___   _____   ___   ___  
 |_   _| | __| / __| |_   _|   / __| |_   _|   /_\   | _ \ |_   _| | __| |   \ 
   | |   | _|  \__ \   | |     \__ \   | |    / _ \  |   /   | |   | _|  | |) |
   |_|   |___| |___/   |_|     |___/   |_|   /_/ \_\ |_|_\   |_|   |___| |___/ 

createMultipleStudents[5]
--------------------------------------------------------------------------------
20:46:09.440 [CreateStudentsDataDrivenTest-1-thread-16] DEBUG n.thucydides.core.steps.StepEventBus - Test suite started for class com.studentapplication.junit.studentsinfo.CreateStudentsDataDrivenTest
20:46:09.442 [CreateStudentsDataDrivenTest-1-thread-16] INFO   - Test Suite Started: Create students data driven test
20:46:09.445 [CreateStudentsDataDrivenTest-1-thread-16] DEBUG n.s.j.SerenityTestExecutionListener - Thread[CreateStudentsDataDrivenTest-1-thread-16,5,CreateStudentsDataDrivenTest-1] Test started TestIdentifier [uniqueId = [engine:junit-vintage]/[runner:com.studentapplication.junit.studentsinfo.CreateStudentsDataDrivenTest]/[test:com.studentapplication.junit.studentsinfo.CreateStudentsDataDrivenTest%5B15%5D]/[test:createMultipleStudents%5B15%5D(com.studentapplication.junit.studentsinfo.CreateStudentsDataDrivenTest)], parentId = [engine:junit-vintage]/[runner:com.studentapplication.junit.studentsinfo.CreateStudentsDataDrivenTest]/[test:com.studentapplication.junit.studentsinfo.CreateStudentsDataDrivenTest%5B15%5D], displayName = 'createMultipleStudents[15]', legacyReportingName = 'createMultipleStudents[15]', source = MethodSource [className = 'com.studentapplication.junit.studentsinfo.CreateStudentsDataDrivenTest', methodName = 'createMultipleStudents', methodParameterTypes = ''], tags = [], type = TEST]
20:46:09.446 [CreateStudentsDataDrivenTest-1-thread-16] INFO   - 
  _____   ___   ___   _____     ___   _____     _     ___   _____   ___   ___  
 |_   _| | __| / __| |_   _|   / __| |_   _|   /_\   | _ \ |_   _| | __| |   \ 
   | |   | _|  \__ \   | |     \__ \   | |    / _ \  |   /   | |   | _|  | |) |
   |_|   |___| |___/   |_|     |___/   |_|   /_/ \_\ |_|_\   |_|   |___| |___/ 

createMultipleStudents
--------------------------------------------------------------------------------
20:46:09.463 [CreateStudentsDataDrivenTest-1-thread-16] INFO   - 
  _____   ___   ___   _____     ___   _____     _     ___   _____   ___   ___  
 |_   _| | __| / __| |_   _|   / __| |_   _|   /_\   | _ \ |_   _| | __| |   \ 
   | |   | _|  \__ \   | |     \__ \   | |    / _ \  |   /   | |   | _|  | |) |
   |_|   |___| |___/   |_|     |___/   |_|   /_/ \_\ |_|_\   |_|   |___| |___/ 

createMultipleStudents[15]
--------------------------------------------------------------------------------
20:46:09.469 [CreateStudentsDataDrivenTest-1-thread-12] DEBUG n.thucydides.core.steps.StepEventBus - Test suite started for class com.studentapplication.junit.studentsinfo.CreateStudentsDataDrivenTest
20:46:09.470 [CreateStudentsDataDrivenTest-1-thread-12] INFO   - Test Suite Started: Create students data driven test
20:46:09.470 [CreateStudentsDataDrivenTest-1-thread-12] DEBUG n.s.j.SerenityTestExecutionListener - Thread[CreateStudentsDataDrivenTest-1-thread-12,5,CreateStudentsDataDrivenTest-1] Test started TestIdentifier [uniqueId = [engine:junit-vintage]/[runner:com.studentapplication.junit.studentsinfo.CreateStudentsDataDrivenTest]/[test:com.studentapplication.junit.studentsinfo.CreateStudentsDataDrivenTest%5B11%5D]/[test:createMultipleStudents%5B11%5D(com.studentapplication.junit.studentsinfo.CreateStudentsDataDrivenTest)], parentId = [engine:junit-vintage]/[runner:com.studentapplication.junit.studentsinfo.CreateStudentsDataDrivenTest]/[test:com.studentapplication.junit.studentsinfo.CreateStudentsDataDrivenTest%5B11%5D], displayName = 'createMultipleStudents[11]', legacyReportingName = 'createMultipleStudents[11]', source = MethodSource [className = 'com.studentapplication.junit.studentsinfo.CreateStudentsDataDrivenTest', methodName = 'createMultipleStudents', methodParameterTypes = ''], tags = [], type = TEST]
20:46:09.471 [CreateStudentsDataDrivenTest-1-thread-12] INFO   - 
  _____   ___   ___   _____     ___   _____     _     ___   _____   ___   ___  
 |_   _| | __| / __| |_   _|   / __| |_   _|   /_\   | _ \ |_   _| | __| |   \ 
   | |   | _|  \__ \   | |     \__ \   | |    / _ \  |   /   | |   | _|  | |) |
   |_|   |___| |___/   |_|     |___/   |_|   /_/ \_\ |_|_\   |_|   |___| |___/ 

createMultipleStudents
--------------------------------------------------------------------------------
20:46:09.473 [CreateStudentsDataDrivenTest-1-thread-12] INFO   - 
  _____   ___   ___   _____     ___   _____     _     ___   _____   ___   ___  
 |_   _| | __| / __| |_   _|   / __| |_   _|   /_\   | _ \ |_   _| | __| |   \ 
   | |   | _|  \__ \   | |     \__ \   | |    / _ \  |   /   | |   | _|  | |) |
   |_|   |___| |___/   |_|     |___/   |_|   /_/ \_\ |_|_\   |_|   |___| |___/ 

createMultipleStudents[11]
--------------------------------------------------------------------------------
20:46:09.477 [CreateStudentsDataDrivenTest-1-thread-2] DEBUG n.thucydides.core.steps.StepEventBus - Test suite started for class com.studentapplication.junit.studentsinfo.CreateStudentsDataDrivenTest
20:46:09.479 [CreateStudentsDataDrivenTest-1-thread-2] INFO   - Test Suite Started: Create students data driven test
20:46:09.479 [CreateStudentsDataDrivenTest-1-thread-2] DEBUG n.s.j.SerenityTestExecutionListener - Thread[CreateStudentsDataDrivenTest-1-thread-2,5,CreateStudentsDataDrivenTest-1] Test started TestIdentifier [uniqueId = [engine:junit-vintage]/[runner:com.studentapplication.junit.studentsinfo.CreateStudentsDataDrivenTest]/[test:com.studentapplication.junit.studentsinfo.CreateStudentsDataDrivenTest%5B1%5D]/[test:createMultipleStudents%5B1%5D(com.studentapplication.junit.studentsinfo.CreateStudentsDataDrivenTest)], parentId = [engine:junit-vintage]/[runner:com.studentapplication.junit.studentsinfo.CreateStudentsDataDrivenTest]/[test:com.studentapplication.junit.studentsinfo.CreateStudentsDataDrivenTest%5B1%5D], displayName = 'createMultipleStudents[1]', legacyReportingName = 'createMultipleStudents[1]', source = MethodSource [className = 'com.studentapplication.junit.studentsinfo.CreateStudentsDataDrivenTest', methodName = 'createMultipleStudents', methodParameterTypes = ''], tags = [], type = TEST]
20:46:09.480 [CreateStudentsDataDrivenTest-1-thread-2] INFO   - 
  _____   ___   ___   _____     ___   _____     _     ___   _____   ___   ___  
 |_   _| | __| / __| |_   _|   / __| |_   _|   /_\   | _ \ |_   _| | __| |   \ 
   | |   | _|  \__ \   | |     \__ \   | |    / _ \  |   /   | |   | _|  | |) |
   |_|   |___| |___/   |_|     |___/   |_|   /_/ \_\ |_|_\   |_|   |___| |___/ 

createMultipleStudents
--------------------------------------------------------------------------------
20:46:09.482 [CreateStudentsDataDrivenTest-1-thread-2] INFO   - 
  _____   ___   ___   _____     ___   _____     _     ___   _____   ___   ___  
 |_   _| | __| / __| |_   _|   / __| |_   _|   /_\   | _ \ |_   _| | __| |   \ 
   | |   | _|  \__ \   | |     \__ \   | |    / _ \  |   /   | |   | _|  | |) |
   |_|   |___| |___/   |_|     |___/   |_|   /_/ \_\ |_|_\   |_|   |___| |___/ 

createMultipleStudents[1]
--------------------------------------------------------------------------------
20:46:09.485 [CreateStudentsDataDrivenTest-1-thread-15] DEBUG n.thucydides.core.steps.StepEventBus - Test suite started for class com.studentapplication.junit.studentsinfo.CreateStudentsDataDrivenTest
20:46:09.489 [CreateStudentsDataDrivenTest-1-thread-15] INFO   - Test Suite Started: Create students data driven test
20:46:09.491 [CreateStudentsDataDrivenTest-1-thread-15] DEBUG n.s.j.SerenityTestExecutionListener - Thread[CreateStudentsDataDrivenTest-1-thread-15,5,CreateStudentsDataDrivenTest-1] Test started TestIdentifier [uniqueId = [engine:junit-vintage]/[runner:com.studentapplication.junit.studentsinfo.CreateStudentsDataDrivenTest]/[test:com.studentapplication.junit.studentsinfo.CreateStudentsDataDrivenTest%5B14%5D]/[test:createMultipleStudents%5B14%5D(com.studentapplication.junit.studentsinfo.CreateStudentsDataDrivenTest)], parentId = [engine:junit-vintage]/[runner:com.studentapplication.junit.studentsinfo.CreateStudentsDataDrivenTest]/[test:com.studentapplication.junit.studentsinfo.CreateStudentsDataDrivenTest%5B14%5D], displayName = 'createMultipleStudents[14]', legacyReportingName = 'createMultipleStudents[14]', source = MethodSource [className = 'com.studentapplication.junit.studentsinfo.CreateStudentsDataDrivenTest', methodName = 'createMultipleStudents', methodParameterTypes = ''], tags = [], type = TEST]
20:46:09.492 [CreateStudentsDataDrivenTest-1-thread-15] INFO   - 
  _____   ___   ___   _____     ___   _____     _     ___   _____   ___   ___  
 |_   _| | __| / __| |_   _|   / __| |_   _|   /_\   | _ \ |_   _| | __| |   \ 
   | |   | _|  \__ \   | |     \__ \   | |    / _ \  |   /   | |   | _|  | |) |
   |_|   |___| |___/   |_|     |___/   |_|   /_/ \_\ |_|_\   |_|   |___| |___/ 

createMultipleStudents
--------------------------------------------------------------------------------
20:46:09.495 [CreateStudentsDataDrivenTest-1-thread-15] INFO   - 
  _____   ___   ___   _____     ___   _____     _     ___   _____   ___   ___  
 |_   _| | __| / __| |_   _|   / __| |_   _|   /_\   | _ \ |_   _| | __| |   \ 
   | |   | _|  \__ \   | |     \__ \   | |    / _ \  |   /   | |   | _|  | |) |
   |_|   |___| |___/   |_|     |___/   |_|   /_/ \_\ |_|_\   |_|   |___| |___/ 

createMultipleStudents[14]
--------------------------------------------------------------------------------
20:46:09.504 [CreateStudentsDataDrivenTest-1-thread-14] DEBUG n.thucydides.core.steps.StepEventBus - Test suite started for class com.studentapplication.junit.studentsinfo.CreateStudentsDataDrivenTest
20:46:09.505 [CreateStudentsDataDrivenTest-1-thread-14] INFO   - Test Suite Started: Create students data driven test
20:46:09.506 [CreateStudentsDataDrivenTest-1-thread-14] DEBUG n.s.j.SerenityTestExecutionListener - Thread[CreateStudentsDataDrivenTest-1-thread-14,5,CreateStudentsDataDrivenTest-1] Test started TestIdentifier [uniqueId = [engine:junit-vintage]/[runner:com.studentapplication.junit.studentsinfo.CreateStudentsDataDrivenTest]/[test:com.studentapplication.junit.studentsinfo.CreateStudentsDataDrivenTest%5B13%5D]/[test:createMultipleStudents%5B13%5D(com.studentapplication.junit.studentsinfo.CreateStudentsDataDrivenTest)], parentId = [engine:junit-vintage]/[runner:com.studentapplication.junit.studentsinfo.CreateStudentsDataDrivenTest]/[test:com.studentapplication.junit.studentsinfo.CreateStudentsDataDrivenTest%5B13%5D], displayName = 'createMultipleStudents[13]', legacyReportingName = 'createMultipleStudents[13]', source = MethodSource [className = 'com.studentapplication.junit.studentsinfo.CreateStudentsDataDrivenTest', methodName = 'createMultipleStudents', methodParameterTypes = ''], tags = [], type = TEST]
20:46:09.506 [CreateStudentsDataDrivenTest-1-thread-14] INFO   - 
  _____   ___   ___   _____     ___   _____     _     ___   _____   ___   ___  
 |_   _| | __| / __| |_   _|   / __| |_   _|   /_\   | _ \ |_   _| | __| |   \ 
   | |   | _|  \__ \   | |     \__ \   | |    / _ \  |   /   | |   | _|  | |) |
   |_|   |___| |___/   |_|     |___/   |_|   /_/ \_\ |_|_\   |_|   |___| |___/ 

createMultipleStudents
--------------------------------------------------------------------------------
20:46:09.509 [CreateStudentsDataDrivenTest-1-thread-14] INFO   - 
  _____   ___   ___   _____     ___   _____     _     ___   _____   ___   ___  
 |_   _| | __| / __| |_   _|   / __| |_   _|   /_\   | _ \ |_   _| | __| |   \ 
   | |   | _|  \__ \   | |     \__ \   | |    / _ \  |   /   | |   | _|  | |) |
   |_|   |___| |___/   |_|     |___/   |_|   /_/ \_\ |_|_\   |_|   |___| |___/ 

createMultipleStudents[13]
--------------------------------------------------------------------------------
20:46:09.518 [CreateStudentsDataDrivenTest-1-thread-7] DEBUG n.thucydides.core.steps.StepEventBus - Test suite started for class com.studentapplication.junit.studentsinfo.CreateStudentsDataDrivenTest
20:46:09.519 [CreateStudentsDataDrivenTest-1-thread-7] INFO   - Test Suite Started: Create students data driven test
20:46:09.520 [CreateStudentsDataDrivenTest-1-thread-7] DEBUG n.s.j.SerenityTestExecutionListener - Thread[CreateStudentsDataDrivenTest-1-thread-7,5,CreateStudentsDataDrivenTest-1] Test started TestIdentifier [uniqueId = [engine:junit-vintage]/[runner:com.studentapplication.junit.studentsinfo.CreateStudentsDataDrivenTest]/[test:com.studentapplication.junit.studentsinfo.CreateStudentsDataDrivenTest%5B6%5D]/[test:createMultipleStudents%5B6%5D(com.studentapplication.junit.studentsinfo.CreateStudentsDataDrivenTest)], parentId = [engine:junit-vintage]/[runner:com.studentapplication.junit.studentsinfo.CreateStudentsDataDrivenTest]/[test:com.studentapplication.junit.studentsinfo.CreateStudentsDataDrivenTest%5B6%5D], displayName = 'createMultipleStudents[6]', legacyReportingName = 'createMultipleStudents[6]', source = MethodSource [className = 'com.studentapplication.junit.studentsinfo.CreateStudentsDataDrivenTest', methodName = 'createMultipleStudents', methodParameterTypes = ''], tags = [], type = TEST]
20:46:09.520 [CreateStudentsDataDrivenTest-1-thread-7] INFO   - 
  _____   ___   ___   _____     ___   _____     _     ___   _____   ___   ___  
 |_   _| | __| / __| |_   _|   / __| |_   _|   /_\   | _ \ |_   _| | __| |   \ 
   | |   | _|  \__ \   | |     \__ \   | |    / _ \  |   /   | |   | _|  | |) |
   |_|   |___| |___/   |_|     |___/   |_|   /_/ \_\ |_|_\   |_|   |___| |___/ 

createMultipleStudents
--------------------------------------------------------------------------------
20:46:09.523 [CreateStudentsDataDrivenTest-1-thread-7] INFO   - 
  _____   ___   ___   _____     ___   _____     _     ___   _____   ___   ___  
 |_   _| | __| / __| |_   _|   / __| |_   _|   /_\   | _ \ |_   _| | __| |   \ 
   | |   | _|  \__ \   | |     \__ \   | |    / _ \  |   /   | |   | _|  | |) |
   |_|   |___| |___/   |_|     |___/   |_|   /_/ \_\ |_|_\   |_|   |___| |___/ 

createMultipleStudents[6]
--------------------------------------------------------------------------------
20:46:09.536 [CreateStudentsDataDrivenTest-1-thread-5] DEBUG n.thucydides.core.steps.StepEventBus - Test suite started for class com.studentapplication.junit.studentsinfo.CreateStudentsDataDrivenTest
20:46:09.537 [CreateStudentsDataDrivenTest-1-thread-5] INFO   - Test Suite Started: Create students data driven test
20:46:09.538 [CreateStudentsDataDrivenTest-1-thread-5] DEBUG n.s.j.SerenityTestExecutionListener - Thread[CreateStudentsDataDrivenTest-1-thread-5,5,CreateStudentsDataDrivenTest-1] Test started TestIdentifier [uniqueId = [engine:junit-vintage]/[runner:com.studentapplication.junit.studentsinfo.CreateStudentsDataDrivenTest]/[test:com.studentapplication.junit.studentsinfo.CreateStudentsDataDrivenTest%5B4%5D]/[test:createMultipleStudents%5B4%5D(com.studentapplication.junit.studentsinfo.CreateStudentsDataDrivenTest)], parentId = [engine:junit-vintage]/[runner:com.studentapplication.junit.studentsinfo.CreateStudentsDataDrivenTest]/[test:com.studentapplication.junit.studentsinfo.CreateStudentsDataDrivenTest%5B4%5D], displayName = 'createMultipleStudents[4]', legacyReportingName = 'createMultipleStudents[4]', source = MethodSource [className = 'com.studentapplication.junit.studentsinfo.CreateStudentsDataDrivenTest', methodName = 'createMultipleStudents', methodParameterTypes = ''], tags = [], type = TEST]
20:46:09.538 [CreateStudentsDataDrivenTest-1-thread-5] INFO   - 
  _____   ___   ___   _____     ___   _____     _     ___   _____   ___   ___  
 |_   _| | __| / __| |_   _|   / __| |_   _|   /_\   | _ \ |_   _| | __| |   \ 
   | |   | _|  \__ \   | |     \__ \   | |    / _ \  |   /   | |   | _|  | |) |
   |_|   |___| |___/   |_|     |___/   |_|   /_/ \_\ |_|_\   |_|   |___| |___/ 

createMultipleStudents
--------------------------------------------------------------------------------
20:46:09.542 [CreateStudentsDataDrivenTest-1-thread-5] INFO   - 
  _____   ___   ___   _____     ___   _____     _     ___   _____   ___   ___  
 |_   _| | __| / __| |_   _|   / __| |_   _|   /_\   | _ \ |_   _| | __| |   \ 
   | |   | _|  \__ \   | |     \__ \   | |    / _ \  |   /   | |   | _|  | |) |
   |_|   |___| |___/   |_|     |___/   |_|   /_/ \_\ |_|_\   |_|   |___| |___/ 

createMultipleStudents[4]
--------------------------------------------------------------------------------
20:46:09.556 [CreateStudentsDataDrivenTest-1-thread-10] DEBUG n.thucydides.core.steps.StepEventBus - Test suite started for class com.studentapplication.junit.studentsinfo.CreateStudentsDataDrivenTest
20:46:09.558 [CreateStudentsDataDrivenTest-1-thread-10] INFO   - Test Suite Started: Create students data driven test
20:46:09.559 [CreateStudentsDataDrivenTest-1-thread-10] DEBUG n.s.j.SerenityTestExecutionListener - Thread[CreateStudentsDataDrivenTest-1-thread-10,5,CreateStudentsDataDrivenTest-1] Test started TestIdentifier [uniqueId = [engine:junit-vintage]/[runner:com.studentapplication.junit.studentsinfo.CreateStudentsDataDrivenTest]/[test:com.studentapplication.junit.studentsinfo.CreateStudentsDataDrivenTest%5B9%5D]/[test:createMultipleStudents%5B9%5D(com.studentapplication.junit.studentsinfo.CreateStudentsDataDrivenTest)], parentId = [engine:junit-vintage]/[runner:com.studentapplication.junit.studentsinfo.CreateStudentsDataDrivenTest]/[test:com.studentapplication.junit.studentsinfo.CreateStudentsDataDrivenTest%5B9%5D], displayName = 'createMultipleStudents[9]', legacyReportingName = 'createMultipleStudents[9]', source = MethodSource [className = 'com.studentapplication.junit.studentsinfo.CreateStudentsDataDrivenTest', methodName = 'createMultipleStudents', methodParameterTypes = ''], tags = [], type = TEST]
20:46:09.561 [CreateStudentsDataDrivenTest-1-thread-10] INFO   - 
  _____   ___   ___   _____     ___   _____     _     ___   _____   ___   ___  
 |_   _| | __| / __| |_   _|   / __| |_   _|   /_\   | _ \ |_   _| | __| |   \ 
   | |   | _|  \__ \   | |     \__ \   | |    / _ \  |   /   | |   | _|  | |) |
   |_|   |___| |___/   |_|     |___/   |_|   /_/ \_\ |_|_\   |_|   |___| |___/ 

createMultipleStudents
--------------------------------------------------------------------------------
20:46:09.563 [CreateStudentsDataDrivenTest-1-thread-10] INFO   - 
  _____   ___   ___   _____     ___   _____     _     ___   _____   ___   ___  
 |_   _| | __| / __| |_   _|   / __| |_   _|   /_\   | _ \ |_   _| | __| |   \ 
   | |   | _|  \__ \   | |     \__ \   | |    / _ \  |   /   | |   | _|  | |) |
   |_|   |___| |___/   |_|     |___/   |_|   /_/ \_\ |_|_\   |_|   |___| |___/ 

createMultipleStudents[9]
--------------------------------------------------------------------------------
20:46:09.572 [CreateStudentsDataDrivenTest-1-thread-9] DEBUG n.thucydides.core.steps.StepEventBus - Test suite started for class com.studentapplication.junit.studentsinfo.CreateStudentsDataDrivenTest
20:46:09.586 [CreateStudentsDataDrivenTest-1-thread-9] INFO   - Test Suite Started: Create students data driven test
20:46:09.586 [CreateStudentsDataDrivenTest-1-thread-9] DEBUG n.s.j.SerenityTestExecutionListener - Thread[CreateStudentsDataDrivenTest-1-thread-9,5,CreateStudentsDataDrivenTest-1] Test started TestIdentifier [uniqueId = [engine:junit-vintage]/[runner:com.studentapplication.junit.studentsinfo.CreateStudentsDataDrivenTest]/[test:com.studentapplication.junit.studentsinfo.CreateStudentsDataDrivenTest%5B8%5D]/[test:createMultipleStudents%5B8%5D(com.studentapplication.junit.studentsinfo.CreateStudentsDataDrivenTest)], parentId = [engine:junit-vintage]/[runner:com.studentapplication.junit.studentsinfo.CreateStudentsDataDrivenTest]/[test:com.studentapplication.junit.studentsinfo.CreateStudentsDataDrivenTest%5B8%5D], displayName = 'createMultipleStudents[8]', legacyReportingName = 'createMultipleStudents[8]', source = MethodSource [className = 'com.studentapplication.junit.studentsinfo.CreateStudentsDataDrivenTest', methodName = 'createMultipleStudents', methodParameterTypes = ''], tags = [], type = TEST]
20:46:09.586 [CreateStudentsDataDrivenTest-1-thread-9] INFO   - 
  _____   ___   ___   _____     ___   _____     _     ___   _____   ___   ___  
 |_   _| | __| / __| |_   _|   / __| |_   _|   /_\   | _ \ |_   _| | __| |   \ 
   | |   | _|  \__ \   | |     \__ \   | |    / _ \  |   /   | |   | _|  | |) |
   |_|   |___| |___/   |_|     |___/   |_|   /_/ \_\ |_|_\   |_|   |___| |___/ 

createMultipleStudents
--------------------------------------------------------------------------------
20:46:09.588 [CreateStudentsDataDrivenTest-1-thread-9] INFO   - 
  _____   ___   ___   _____     ___   _____     _     ___   _____   ___   ___  
 |_   _| | __| / __| |_   _|   / __| |_   _|   /_\   | _ \ |_   _| | __| |   \ 
   | |   | _|  \__ \   | |     \__ \   | |    / _ \  |   /   | |   | _|  | |) |
   |_|   |___| |___/   |_|     |___/   |_|   /_/ \_\ |_|_\   |_|   |___| |___/ 

createMultipleStudents[8]
--------------------------------------------------------------------------------
20:46:09.908 [CreateStudentsDataDrivenTest-1-thread-2] DEBUG n.t.core.steps.StepInterceptor - STARTING STEP: CreateStudentsDataDrivenTest.createMultipleStudents - Creating student with FirstName: {0}, LastName: {1}, Email: {2}, Programme: {3}, Courses: {4}
20:46:09.908 [CreateStudentsDataDrivenTest-1-thread-15] DEBUG n.t.core.steps.StepInterceptor - STARTING STEP: CreateStudentsDataDrivenTest.createMultipleStudents - Creating student with FirstName: {0}, LastName: {1}, Email: {2}, Programme: {3}, Courses: {4}
20:46:09.909 [CreateStudentsDataDrivenTest-1-thread-8] DEBUG n.t.core.steps.StepInterceptor - STARTING STEP: CreateStudentsDataDrivenTest.createMultipleStudents - Creating student with FirstName: {0}, LastName: {1}, Email: {2}, Programme: {3}, Courses: {4}
20:46:09.909 [CreateStudentsDataDrivenTest-1-thread-16] DEBUG n.t.core.steps.StepInterceptor - STARTING STEP: CreateStudentsDataDrivenTest.createMultipleStudents - Creating student with FirstName: {0}, LastName: {1}, Email: {2}, Programme: {3}, Courses: {4}
20:46:09.910 [CreateStudentsDataDrivenTest-1-thread-9] DEBUG n.t.core.steps.StepInterceptor - STARTING STEP: CreateStudentsDataDrivenTest.createMultipleStudents - Creating student with FirstName: {0}, LastName: {1}, Email: {2}, Programme: {3}, Courses: {4}
20:46:09.910 [CreateStudentsDataDrivenTest-1-thread-5] DEBUG n.t.core.steps.StepInterceptor - STARTING STEP: CreateStudentsDataDrivenTest.createMultipleStudents - Creating student with FirstName: {0}, LastName: {1}, Email: {2}, Programme: {3}, Courses: {4}
20:46:09.911 [CreateStudentsDataDrivenTest-1-thread-12] DEBUG n.t.core.steps.StepInterceptor - STARTING STEP: CreateStudentsDataDrivenTest.createMultipleStudents - Creating student with FirstName: {0}, LastName: {1}, Email: {2}, Programme: {3}, Courses: {4}
20:46:09.911 [CreateStudentsDataDrivenTest-1-thread-4] DEBUG n.t.core.steps.StepInterceptor - STARTING STEP: CreateStudentsDataDrivenTest.createMultipleStudents - Creating student with FirstName: {0}, LastName: {1}, Email: {2}, Programme: {3}, Courses: {4}
20:46:09.911 [CreateStudentsDataDrivenTest-1-thread-14] DEBUG n.t.core.steps.StepInterceptor - STARTING STEP: CreateStudentsDataDrivenTest.createMultipleStudents - Creating student with FirstName: {0}, LastName: {1}, Email: {2}, Programme: {3}, Courses: {4}
20:46:09.912 [CreateStudentsDataDrivenTest-1-thread-6] DEBUG n.t.core.steps.StepInterceptor - STARTING STEP: CreateStudentsDataDrivenTest.createMultipleStudents - Creating student with FirstName: {0}, LastName: {1}, Email: {2}, Programme: {3}, Courses: {4}
20:46:09.912 [CreateStudentsDataDrivenTest-1-thread-7] DEBUG n.t.core.steps.StepInterceptor - STARTING STEP: CreateStudentsDataDrivenTest.createMultipleStudents - Creating student with FirstName: {0}, LastName: {1}, Email: {2}, Programme: {3}, Courses: {4}
20:46:09.912 [CreateStudentsDataDrivenTest-1-thread-1] DEBUG n.t.core.steps.StepInterceptor - STARTING STEP: CreateStudentsDataDrivenTest.createMultipleStudents - Creating student with FirstName: {0}, LastName: {1}, Email: {2}, Programme: {3}, Courses: {4}
20:46:09.912 [CreateStudentsDataDrivenTest-1-thread-11] DEBUG n.t.core.steps.StepInterceptor - STARTING STEP: CreateStudentsDataDrivenTest.createMultipleStudents - Creating student with FirstName: {0}, LastName: {1}, Email: {2}, Programme: {3}, Courses: {4}
20:46:09.913 [CreateStudentsDataDrivenTest-1-thread-3] DEBUG n.t.core.steps.StepInterceptor - STARTING STEP: CreateStudentsDataDrivenTest.createMultipleStudents - Creating student with FirstName: {0}, LastName: {1}, Email: {2}, Programme: {3}, Courses: {4}
20:46:09.913 [CreateStudentsDataDrivenTest-1-thread-13] DEBUG n.t.core.steps.StepInterceptor - STARTING STEP: CreateStudentsDataDrivenTest.createMultipleStudents - Creating student with FirstName: {0}, LastName: {1}, Email: {2}, Programme: {3}, Courses: {4}
20:46:09.913 [CreateStudentsDataDrivenTest-1-thread-10] DEBUG n.t.core.steps.StepInterceptor - STARTING STEP: CreateStudentsDataDrivenTest.createMultipleStudents - Creating student with FirstName: {0}, LastName: {1}, Email: {2}, Programme: {3}, Courses: {4}
20:46:17.516 [CreateStudentsDataDrivenTest-1-thread-12] DEBUG o.a.h.i.c.BasicClientConnectionManager - Get connection for route {}->http://localhost:8085
20:46:17.516 [CreateStudentsDataDrivenTest-1-thread-13] DEBUG o.a.h.i.c.BasicClientConnectionManager - Get connection for route {}->http://localhost:8085
20:46:17.516 [CreateStudentsDataDrivenTest-1-thread-8] DEBUG o.a.h.i.c.BasicClientConnectionManager - Get connection for route {}->http://localhost:8085
20:46:17.516 [CreateStudentsDataDrivenTest-1-thread-14] DEBUG o.a.h.i.c.BasicClientConnectionManager - Get connection for route {}->http://localhost:8085
20:46:17.517 [CreateStudentsDataDrivenTest-1-thread-6] DEBUG o.a.h.i.c.BasicClientConnectionManager - Get connection for route {}->http://localhost:8085
20:46:17.517 [CreateStudentsDataDrivenTest-1-thread-5] DEBUG o.a.h.i.c.BasicClientConnectionManager - Get connection for route {}->http://localhost:8085
20:46:17.516 [CreateStudentsDataDrivenTest-1-thread-3] DEBUG o.a.h.i.c.BasicClientConnectionManager - Get connection for route {}->http://localhost:8085
20:46:17.517 [CreateStudentsDataDrivenTest-1-thread-15] DEBUG o.a.h.i.c.BasicClientConnectionManager - Get connection for route {}->http://localhost:8085
20:46:17.517 [CreateStudentsDataDrivenTest-1-thread-16] DEBUG o.a.h.i.c.BasicClientConnectionManager - Get connection for route {}->http://localhost:8085
20:46:17.517 [CreateStudentsDataDrivenTest-1-thread-2] DEBUG o.a.h.i.c.BasicClientConnectionManager - Get connection for route {}->http://localhost:8085
20:46:17.517 [CreateStudentsDataDrivenTest-1-thread-10] DEBUG o.a.h.i.c.BasicClientConnectionManager - Get connection for route {}->http://localhost:8085
20:46:17.521 [CreateStudentsDataDrivenTest-1-thread-1] DEBUG o.a.h.i.c.BasicClientConnectionManager - Get connection for route {}->http://localhost:8085
20:46:17.521 [CreateStudentsDataDrivenTest-1-thread-9] DEBUG o.a.h.i.c.BasicClientConnectionManager - Get connection for route {}->http://localhost:8085
20:46:17.521 [CreateStudentsDataDrivenTest-1-thread-11] DEBUG o.a.h.i.c.BasicClientConnectionManager - Get connection for route {}->http://localhost:8085
20:46:17.521 [CreateStudentsDataDrivenTest-1-thread-7] DEBUG o.a.h.i.c.BasicClientConnectionManager - Get connection for route {}->http://localhost:8085
20:46:17.521 [CreateStudentsDataDrivenTest-1-thread-4] DEBUG o.a.h.i.c.BasicClientConnectionManager - Get connection for route {}->http://localhost:8085
20:46:17.555 [CreateStudentsDataDrivenTest-1-thread-13] DEBUG o.a.h.i.c.DefaultClientConnectionOperator - Connecting to localhost:8085
20:46:17.555 [CreateStudentsDataDrivenTest-1-thread-7] DEBUG o.a.h.i.c.DefaultClientConnectionOperator - Connecting to localhost:8085
20:46:17.555 [CreateStudentsDataDrivenTest-1-thread-15] DEBUG o.a.h.i.c.DefaultClientConnectionOperator - Connecting to localhost:8085
20:46:17.556 [CreateStudentsDataDrivenTest-1-thread-1] DEBUG o.a.h.i.c.DefaultClientConnectionOperator - Connecting to localhost:8085
20:46:17.555 [CreateStudentsDataDrivenTest-1-thread-14] DEBUG o.a.h.i.c.DefaultClientConnectionOperator - Connecting to localhost:8085
20:46:17.556 [CreateStudentsDataDrivenTest-1-thread-5] DEBUG o.a.h.i.c.DefaultClientConnectionOperator - Connecting to localhost:8085
20:46:17.556 [CreateStudentsDataDrivenTest-1-thread-11] DEBUG o.a.h.i.c.DefaultClientConnectionOperator - Connecting to localhost:8085
20:46:17.556 [CreateStudentsDataDrivenTest-1-thread-16] DEBUG o.a.h.i.c.DefaultClientConnectionOperator - Connecting to localhost:8085
20:46:17.557 [CreateStudentsDataDrivenTest-1-thread-6] DEBUG o.a.h.i.c.DefaultClientConnectionOperator - Connecting to localhost:8085
20:46:17.558 [CreateStudentsDataDrivenTest-1-thread-2] DEBUG o.a.h.i.c.DefaultClientConnectionOperator - Connecting to localhost:8085
20:46:17.560 [CreateStudentsDataDrivenTest-1-thread-4] DEBUG o.a.h.i.c.DefaultClientConnectionOperator - Connecting to localhost:8085
20:46:17.560 [CreateStudentsDataDrivenTest-1-thread-9] DEBUG o.a.h.i.c.DefaultClientConnectionOperator - Connecting to localhost:8085
20:46:17.561 [CreateStudentsDataDrivenTest-1-thread-10] DEBUG o.a.h.i.c.DefaultClientConnectionOperator - Connecting to localhost:8085
20:46:17.562 [CreateStudentsDataDrivenTest-1-thread-8] DEBUG o.a.h.i.c.DefaultClientConnectionOperator - Connecting to localhost:8085
20:46:17.563 [CreateStudentsDataDrivenTest-1-thread-3] DEBUG o.a.h.i.c.DefaultClientConnectionOperator - Connecting to localhost:8085
20:46:17.569 [CreateStudentsDataDrivenTest-1-thread-12] DEBUG o.a.h.i.c.DefaultClientConnectionOperator - Connecting to localhost:8085
20:46:17.586 [CreateStudentsDataDrivenTest-1-thread-10] DEBUG o.a.h.c.protocol.RequestAddCookies - CookieSpec selected: ignoreCookies
20:46:17.586 [CreateStudentsDataDrivenTest-1-thread-8] DEBUG o.a.h.c.protocol.RequestAddCookies - CookieSpec selected: ignoreCookies
20:46:17.587 [CreateStudentsDataDrivenTest-1-thread-4] DEBUG o.a.h.c.protocol.RequestAddCookies - CookieSpec selected: ignoreCookies
20:46:17.587 [CreateStudentsDataDrivenTest-1-thread-3] DEBUG o.a.h.c.protocol.RequestAddCookies - CookieSpec selected: ignoreCookies
20:46:17.587 [CreateStudentsDataDrivenTest-1-thread-6] DEBUG o.a.h.c.protocol.RequestAddCookies - CookieSpec selected: ignoreCookies
20:46:17.587 [CreateStudentsDataDrivenTest-1-thread-16] DEBUG o.a.h.c.protocol.RequestAddCookies - CookieSpec selected: ignoreCookies
20:46:17.587 [CreateStudentsDataDrivenTest-1-thread-11] DEBUG o.a.h.c.protocol.RequestAddCookies - CookieSpec selected: ignoreCookies
20:46:17.587 [CreateStudentsDataDrivenTest-1-thread-5] DEBUG o.a.h.c.protocol.RequestAddCookies - CookieSpec selected: ignoreCookies
20:46:17.587 [CreateStudentsDataDrivenTest-1-thread-12] DEBUG o.a.h.c.protocol.RequestAddCookies - CookieSpec selected: ignoreCookies
20:46:17.587 [CreateStudentsDataDrivenTest-1-thread-9] DEBUG o.a.h.c.protocol.RequestAddCookies - CookieSpec selected: ignoreCookies
20:46:17.588 [CreateStudentsDataDrivenTest-1-thread-2] DEBUG o.a.h.c.protocol.RequestAddCookies - CookieSpec selected: ignoreCookies
20:46:17.588 [CreateStudentsDataDrivenTest-1-thread-2] DEBUG o.a.h.c.protocol.RequestAuthCache - Auth cache not set in the context
20:46:17.588 [CreateStudentsDataDrivenTest-1-thread-7] DEBUG o.a.h.c.protocol.RequestAddCookies - CookieSpec selected: ignoreCookies
20:46:17.588 [CreateStudentsDataDrivenTest-1-thread-7] DEBUG o.a.h.c.protocol.RequestAuthCache - Auth cache not set in the context
20:46:17.588 [CreateStudentsDataDrivenTest-1-thread-2] DEBUG o.a.h.c.p.RequestTargetAuthentication - Target auth state: UNCHALLENGED
20:46:17.588 [CreateStudentsDataDrivenTest-1-thread-7] DEBUG o.a.h.c.p.RequestTargetAuthentication - Target auth state: UNCHALLENGED
20:46:17.589 [CreateStudentsDataDrivenTest-1-thread-14] DEBUG o.a.h.c.protocol.RequestAddCookies - CookieSpec selected: ignoreCookies
20:46:17.589 [CreateStudentsDataDrivenTest-1-thread-14] DEBUG o.a.h.c.protocol.RequestAuthCache - Auth cache not set in the context
20:46:17.589 [CreateStudentsDataDrivenTest-1-thread-14] DEBUG o.a.h.c.p.RequestTargetAuthentication - Target auth state: UNCHALLENGED
20:46:17.588 [CreateStudentsDataDrivenTest-1-thread-11] DEBUG o.a.h.c.protocol.RequestAuthCache - Auth cache not set in the context
20:46:17.589 [CreateStudentsDataDrivenTest-1-thread-11] DEBUG o.a.h.c.p.RequestTargetAuthentication - Target auth state: UNCHALLENGED
20:46:17.589 [CreateStudentsDataDrivenTest-1-thread-11] DEBUG o.a.h.c.p.RequestProxyAuthentication - Proxy auth state: UNCHALLENGED
20:46:17.590 [CreateStudentsDataDrivenTest-1-thread-11] DEBUG o.a.h.impl.client.DefaultHttpClient - Attempt 1 to execute request
20:46:17.590 [CreateStudentsDataDrivenTest-1-thread-11] DEBUG o.a.h.i.conn.DefaultClientConnection - Sending request: POST /student HTTP/1.1
20:46:17.590 [CreateStudentsDataDrivenTest-1-thread-11] DEBUG org.apache.http.wire -  >> "POST /student HTTP/1.1[\r][\n]"
20:46:17.589 [CreateStudentsDataDrivenTest-1-thread-13] DEBUG o.a.h.c.protocol.RequestAddCookies - CookieSpec selected: ignoreCookies
20:46:17.591 [CreateStudentsDataDrivenTest-1-thread-15] DEBUG o.a.h.c.protocol.RequestAddCookies - CookieSpec selected: ignoreCookies
20:46:17.591 [CreateStudentsDataDrivenTest-1-thread-13] DEBUG o.a.h.c.protocol.RequestAuthCache - Auth cache not set in the context
20:46:17.591 [CreateStudentsDataDrivenTest-1-thread-15] DEBUG o.a.h.c.protocol.RequestAuthCache - Auth cache not set in the context
20:46:17.591 [CreateStudentsDataDrivenTest-1-thread-13] DEBUG o.a.h.c.p.RequestTargetAuthentication - Target auth state: UNCHALLENGED
20:46:17.591 [CreateStudentsDataDrivenTest-1-thread-15] DEBUG o.a.h.c.p.RequestTargetAuthentication - Target auth state: UNCHALLENGED
20:46:17.591 [CreateStudentsDataDrivenTest-1-thread-13] DEBUG o.a.h.c.p.RequestProxyAuthentication - Proxy auth state: UNCHALLENGED
20:46:17.591 [CreateStudentsDataDrivenTest-1-thread-15] DEBUG o.a.h.c.p.RequestProxyAuthentication - Proxy auth state: UNCHALLENGED
20:46:17.591 [CreateStudentsDataDrivenTest-1-thread-13] DEBUG o.a.h.impl.client.DefaultHttpClient - Attempt 1 to execute request
20:46:17.591 [CreateStudentsDataDrivenTest-1-thread-15] DEBUG o.a.h.impl.client.DefaultHttpClient - Attempt 1 to execute request
20:46:17.591 [CreateStudentsDataDrivenTest-1-thread-13] DEBUG o.a.h.i.conn.DefaultClientConnection - Sending request: POST /student HTTP/1.1
20:46:17.591 [CreateStudentsDataDrivenTest-1-thread-15] DEBUG o.a.h.i.conn.DefaultClientConnection - Sending request: POST /student HTTP/1.1
20:46:17.591 [CreateStudentsDataDrivenTest-1-thread-13] DEBUG org.apache.http.wire -  >> "POST /student HTTP/1.1[\r][\n]"
20:46:17.591 [CreateStudentsDataDrivenTest-1-thread-15] DEBUG org.apache.http.wire -  >> "POST /student HTTP/1.1[\r][\n]"
20:46:17.589 [CreateStudentsDataDrivenTest-1-thread-8] DEBUG o.a.h.c.protocol.RequestAuthCache - Auth cache not set in the context
20:46:17.591 [CreateStudentsDataDrivenTest-1-thread-4] DEBUG o.a.h.c.protocol.RequestAuthCache - Auth cache not set in the context
20:46:17.591 [CreateStudentsDataDrivenTest-1-thread-14] DEBUG o.a.h.c.p.RequestProxyAuthentication - Proxy auth state: UNCHALLENGED
20:46:17.591 [CreateStudentsDataDrivenTest-1-thread-14] DEBUG o.a.h.impl.client.DefaultHttpClient - Attempt 1 to execute request
20:46:17.591 [CreateStudentsDataDrivenTest-1-thread-14] DEBUG o.a.h.i.conn.DefaultClientConnection - Sending request: POST /student HTTP/1.1
20:46:17.591 [CreateStudentsDataDrivenTest-1-thread-14] DEBUG org.apache.http.wire -  >> "POST /student HTTP/1.1[\r][\n]"
20:46:17.591 [CreateStudentsDataDrivenTest-1-thread-4] DEBUG o.a.h.c.p.RequestTargetAuthentication - Target auth state: UNCHALLENGED
20:46:17.591 [CreateStudentsDataDrivenTest-1-thread-4] DEBUG o.a.h.c.p.RequestProxyAuthentication - Proxy auth state: UNCHALLENGED
20:46:17.591 [CreateStudentsDataDrivenTest-1-thread-4] DEBUG o.a.h.impl.client.DefaultHttpClient - Attempt 1 to execute request
20:46:17.591 [CreateStudentsDataDrivenTest-1-thread-4] DEBUG o.a.h.i.conn.DefaultClientConnection - Sending request: POST /student HTTP/1.1
20:46:17.591 [CreateStudentsDataDrivenTest-1-thread-4] DEBUG org.apache.http.wire -  >> "POST /student HTTP/1.1[\r][\n]"
20:46:17.591 [CreateStudentsDataDrivenTest-1-thread-12] DEBUG o.a.h.c.protocol.RequestAuthCache - Auth cache not set in the context
20:46:17.591 [CreateStudentsDataDrivenTest-1-thread-12] DEBUG o.a.h.c.p.RequestTargetAuthentication - Target auth state: UNCHALLENGED
20:46:17.591 [CreateStudentsDataDrivenTest-1-thread-12] DEBUG o.a.h.c.p.RequestProxyAuthentication - Proxy auth state: UNCHALLENGED
20:46:17.591 [CreateStudentsDataDrivenTest-1-thread-12] DEBUG o.a.h.impl.client.DefaultHttpClient - Attempt 1 to execute request
20:46:17.591 [CreateStudentsDataDrivenTest-1-thread-12] DEBUG o.a.h.i.conn.DefaultClientConnection - Sending request: POST /student HTTP/1.1
20:46:17.591 [CreateStudentsDataDrivenTest-1-thread-12] DEBUG org.apache.http.wire -  >> "POST /student HTTP/1.1[\r][\n]"
20:46:17.591 [CreateStudentsDataDrivenTest-1-thread-1] DEBUG o.a.h.c.protocol.RequestAddCookies - CookieSpec selected: ignoreCookies
20:46:17.592 [CreateStudentsDataDrivenTest-1-thread-1] DEBUG o.a.h.c.protocol.RequestAuthCache - Auth cache not set in the context
20:46:17.592 [CreateStudentsDataDrivenTest-1-thread-1] DEBUG o.a.h.c.p.RequestTargetAuthentication - Target auth state: UNCHALLENGED
20:46:17.592 [CreateStudentsDataDrivenTest-1-thread-1] DEBUG o.a.h.c.p.RequestProxyAuthentication - Proxy auth state: UNCHALLENGED
20:46:17.592 [CreateStudentsDataDrivenTest-1-thread-1] DEBUG o.a.h.impl.client.DefaultHttpClient - Attempt 1 to execute request
20:46:17.592 [CreateStudentsDataDrivenTest-1-thread-1] DEBUG o.a.h.i.conn.DefaultClientConnection - Sending request: POST /student HTTP/1.1
20:46:17.592 [CreateStudentsDataDrivenTest-1-thread-1] DEBUG org.apache.http.wire -  >> "POST /student HTTP/1.1[\r][\n]"
20:46:17.589 [CreateStudentsDataDrivenTest-1-thread-9] DEBUG o.a.h.c.protocol.RequestAuthCache - Auth cache not set in the context
20:46:17.592 [CreateStudentsDataDrivenTest-1-thread-9] DEBUG o.a.h.c.p.RequestTargetAuthentication - Target auth state: UNCHALLENGED
20:46:17.592 [CreateStudentsDataDrivenTest-1-thread-9] DEBUG o.a.h.c.p.RequestProxyAuthentication - Proxy auth state: UNCHALLENGED
20:46:17.592 [CreateStudentsDataDrivenTest-1-thread-9] DEBUG o.a.h.impl.client.DefaultHttpClient - Attempt 1 to execute request
20:46:17.592 [CreateStudentsDataDrivenTest-1-thread-9] DEBUG o.a.h.i.conn.DefaultClientConnection - Sending request: POST /student HTTP/1.1
20:46:17.592 [CreateStudentsDataDrivenTest-1-thread-9] DEBUG org.apache.http.wire -  >> "POST /student HTTP/1.1[\r][\n]"
20:46:17.592 [CreateStudentsDataDrivenTest-1-thread-3] DEBUG o.a.h.c.protocol.RequestAuthCache - Auth cache not set in the context
20:46:17.592 [CreateStudentsDataDrivenTest-1-thread-3] DEBUG o.a.h.c.p.RequestTargetAuthentication - Target auth state: UNCHALLENGED
20:46:17.592 [CreateStudentsDataDrivenTest-1-thread-3] DEBUG o.a.h.c.p.RequestProxyAuthentication - Proxy auth state: UNCHALLENGED
20:46:17.592 [CreateStudentsDataDrivenTest-1-thread-3] DEBUG o.a.h.impl.client.DefaultHttpClient - Attempt 1 to execute request
20:46:17.592 [CreateStudentsDataDrivenTest-1-thread-3] DEBUG o.a.h.i.conn.DefaultClientConnection - Sending request: POST /student HTTP/1.1
20:46:17.592 [CreateStudentsDataDrivenTest-1-thread-3] DEBUG org.apache.http.wire -  >> "POST /student HTTP/1.1[\r][\n]"
20:46:17.589 [CreateStudentsDataDrivenTest-1-thread-2] DEBUG o.a.h.c.p.RequestProxyAuthentication - Proxy auth state: UNCHALLENGED
20:46:17.593 [CreateStudentsDataDrivenTest-1-thread-2] DEBUG o.a.h.impl.client.DefaultHttpClient - Attempt 1 to execute request
20:46:17.593 [CreateStudentsDataDrivenTest-1-thread-2] DEBUG o.a.h.i.conn.DefaultClientConnection - Sending request: POST /student HTTP/1.1
20:46:17.593 [CreateStudentsDataDrivenTest-1-thread-2] DEBUG org.apache.http.wire -  >> "POST /student HTTP/1.1[\r][\n]"
20:46:17.593 [CreateStudentsDataDrivenTest-1-thread-16] DEBUG o.a.h.c.protocol.RequestAuthCache - Auth cache not set in the context
20:46:17.593 [CreateStudentsDataDrivenTest-1-thread-16] DEBUG o.a.h.c.p.RequestTargetAuthentication - Target auth state: UNCHALLENGED
20:46:17.593 [CreateStudentsDataDrivenTest-1-thread-16] DEBUG o.a.h.c.p.RequestProxyAuthentication - Proxy auth state: UNCHALLENGED
20:46:17.593 [CreateStudentsDataDrivenTest-1-thread-16] DEBUG o.a.h.impl.client.DefaultHttpClient - Attempt 1 to execute request
20:46:17.593 [CreateStudentsDataDrivenTest-1-thread-16] DEBUG o.a.h.i.conn.DefaultClientConnection - Sending request: POST /student HTTP/1.1
20:46:17.593 [CreateStudentsDataDrivenTest-1-thread-16] DEBUG org.apache.http.wire -  >> "POST /student HTTP/1.1[\r][\n]"
20:46:17.591 [CreateStudentsDataDrivenTest-1-thread-8] DEBUG o.a.h.c.p.RequestTargetAuthentication - Target auth state: UNCHALLENGED
20:46:17.593 [CreateStudentsDataDrivenTest-1-thread-8] DEBUG o.a.h.c.p.RequestProxyAuthentication - Proxy auth state: UNCHALLENGED
20:46:17.593 [CreateStudentsDataDrivenTest-1-thread-8] DEBUG o.a.h.impl.client.DefaultHttpClient - Attempt 1 to execute request
20:46:17.593 [CreateStudentsDataDrivenTest-1-thread-8] DEBUG o.a.h.i.conn.DefaultClientConnection - Sending request: POST /student HTTP/1.1
20:46:17.593 [CreateStudentsDataDrivenTest-1-thread-8] DEBUG org.apache.http.wire -  >> "POST /student HTTP/1.1[\r][\n]"
20:46:17.593 [CreateStudentsDataDrivenTest-1-thread-5] DEBUG o.a.h.c.protocol.RequestAuthCache - Auth cache not set in the context
20:46:17.593 [CreateStudentsDataDrivenTest-1-thread-5] DEBUG o.a.h.c.p.RequestTargetAuthentication - Target auth state: UNCHALLENGED
20:46:17.594 [CreateStudentsDataDrivenTest-1-thread-5] DEBUG o.a.h.c.p.RequestProxyAuthentication - Proxy auth state: UNCHALLENGED
20:46:17.594 [CreateStudentsDataDrivenTest-1-thread-5] DEBUG o.a.h.impl.client.DefaultHttpClient - Attempt 1 to execute request
20:46:17.594 [CreateStudentsDataDrivenTest-1-thread-5] DEBUG o.a.h.i.conn.DefaultClientConnection - Sending request: POST /student HTTP/1.1
20:46:17.594 [CreateStudentsDataDrivenTest-1-thread-5] DEBUG org.apache.http.wire -  >> "POST /student HTTP/1.1[\r][\n]"
20:46:17.594 [CreateStudentsDataDrivenTest-1-thread-6] DEBUG o.a.h.c.protocol.RequestAuthCache - Auth cache not set in the context
20:46:17.594 [CreateStudentsDataDrivenTest-1-thread-6] DEBUG o.a.h.c.p.RequestTargetAuthentication - Target auth state: UNCHALLENGED
20:46:17.594 [CreateStudentsDataDrivenTest-1-thread-6] DEBUG o.a.h.c.p.RequestProxyAuthentication - Proxy auth state: UNCHALLENGED
20:46:17.594 [CreateStudentsDataDrivenTest-1-thread-6] DEBUG o.a.h.impl.client.DefaultHttpClient - Attempt 1 to execute request
20:46:17.594 [CreateStudentsDataDrivenTest-1-thread-6] DEBUG o.a.h.i.conn.DefaultClientConnection - Sending request: POST /student HTTP/1.1
20:46:17.594 [CreateStudentsDataDrivenTest-1-thread-6] DEBUG org.apache.http.wire -  >> "POST /student HTTP/1.1[\r][\n]"
20:46:17.594 [CreateStudentsDataDrivenTest-1-thread-10] DEBUG o.a.h.c.protocol.RequestAuthCache - Auth cache not set in the context
20:46:17.594 [CreateStudentsDataDrivenTest-1-thread-10] DEBUG o.a.h.c.p.RequestTargetAuthentication - Target auth state: UNCHALLENGED
20:46:17.594 [CreateStudentsDataDrivenTest-1-thread-10] DEBUG o.a.h.c.p.RequestProxyAuthentication - Proxy auth state: UNCHALLENGED
20:46:17.594 [CreateStudentsDataDrivenTest-1-thread-10] DEBUG o.a.h.impl.client.DefaultHttpClient - Attempt 1 to execute request
20:46:17.594 [CreateStudentsDataDrivenTest-1-thread-10] DEBUG o.a.h.i.conn.DefaultClientConnection - Sending request: POST /student HTTP/1.1
20:46:17.594 [CreateStudentsDataDrivenTest-1-thread-10] DEBUG org.apache.http.wire -  >> "POST /student HTTP/1.1[\r][\n]"
[...]
20:46:25.027 [CreateStudentsDataDrivenTest-1-thread-3] DEBUG org.apache.http.wire -  << "[\r][\n]"
20:46:25.027 [CreateStudentsDataDrivenTest-1-thread-3] DEBUG o.a.h.i.c.BasicClientConnectionManager - Releasing connection org.apache.http.impl.conn.ManagedClientConnectionImpl@5b16104
20:46:25.028 [CreateStudentsDataDrivenTest-1-thread-3] DEBUG o.a.h.i.conn.DefaultClientConnection - Connection 0.0.0.0:54692<->127.0.0.1:8085 shut down
20:46:25.032 [CreateStudentsDataDrivenTest-1-thread-3] DEBUG n.t.core.steps.StepInterceptor - STEP DONE: Creating student with FirstName: {0}, LastName: {1}, Email: {2}, Programme: {3}, Courses: {4}
]]></system-out>
  </testcase>
  <testcase name="createMultipleStudents" classname="com.studentapplication.junit.studentsinfo.CreateStudentsDataDrivenTest" time="0.207">
    <system-out><![CDATA[20:46:25.032 [CreateStudentsDataDrivenTest-1-thread-3] INFO   - 
  _____   ___   ___   _____     ___     _     ___   ___   ___   ___  
 |_   _| | __| / __| |_   _|   | _ \   /_\   / __| / __| | __| |   \ 
   | |   | _|  \__ \   | |     |  _/  / _ \  \__ \ \__ \ | _|  | |) |
   |_|   |___| |___/   |_|     |_|   /_/ \_\ |___/ |___/ |___| |___/ 

Data Driven Test for adding multiple students to the Student APp
----------------------------------------------------------------------
20:46:25.038 [CreateStudentsDataDrivenTest-1-thread-1] DEBUG org.apache.http.wire -  << "HTTP/1.1 500 [\r][\n]"
20:46:25.038 [CreateStudentsDataDrivenTest-1-thread-1] DEBUG org.apache.http.wire -  << "Content-Type: application/json;charset=UTF-8[\r][\n]"
20:46:25.038 [CreateStudentsDataDrivenTest-1-thread-1] DEBUG org.apache.http.wire -  << "Transfer-Encoding: chunked[\r][\n]"
20:46:25.038 [CreateStudentsDataDrivenTest-1-thread-1] DEBUG org.apache.http.wire -  << "Date: Thu, 23 Nov 2023 15:16:24 GMT[\r][\n]"
20:46:25.038 [CreateStudentsDataDrivenTest-1-thread-1] DEBUG org.apache.http.wire -  << "Connection: close[\r][\n]"
20:46:25.038 [CreateStudentsDataDrivenTest-1-thread-1] DEBUG org.apache.http.wire -  << "[\r][\n]"
20:46:25.038 [CreateStudentsDataDrivenTest-1-thread-1] DEBUG o.a.h.i.conn.DefaultClientConnection - Receiving response: HTTP/1.1 500 
20:46:25.038 [CreateStudentsDataDrivenTest-1-thread-1] DEBUG org.apache.http.headers - << HTTP/1.1 500 
20:46:25.038 [CreateStudentsDataDrivenTest-1-thread-1] DEBUG org.apache.http.headers - << Content-Type: application/json;charset=UTF-8
20:46:25.038 [CreateStudentsDataDrivenTest-1-thread-1] DEBUG org.apache.http.headers - << Transfer-Encoding: chunked
20:46:25.038 [CreateStudentsDataDrivenTest-1-thread-1] DEBUG org.apache.http.headers - << Date: Thu, 23 Nov 2023 15:16:24 GMT
20:46:25.038 [CreateStudentsDataDrivenTest-1-thread-1] DEBUG org.apache.http.headers - << Connection: close
20:46:25.039 [CreateStudentsDataDrivenTest-1-thread-1] DEBUG i.r.i.RequestSpecificationImpl$RestAssuredHttpBuilder - Parsing response as: application/json;charset=UTF-8
20:46:25.039 [CreateStudentsDataDrivenTest-1-thread-1] DEBUG i.r.i.RequestSpecificationImpl$RestAssuredHttpBuilder - Parsed data to instance of: class org.apache.http.conn.EofSensorInputStream
20:46:25.039 [CreateStudentsDataDrivenTest-1-thread-1] DEBUG org.apache.http.wire -  << "28[\r][\n]"
20:46:25.040 [CreateStudentsDataDrivenTest-1-thread-1] DEBUG org.apache.http.wire -  << "{"error":"Email address already exists"}"
20:46:25.040 [CreateStudentsDataDrivenTest-1-thread-1] DEBUG org.apache.http.wire -  << "[\r][\n]"
20:46:25.040 [CreateStudentsDataDrivenTest-1-thread-1] DEBUG org.apache.http.wire -  << "0[\r][\n]"
20:46:25.041 [CreateStudentsDataDrivenTest-1-thread-1] DEBUG org.apache.http.wire -  << "[\r][\n]"
20:46:25.041 [CreateStudentsDataDrivenTest-1-thread-1] DEBUG o.a.h.i.c.BasicClientConnectionManager - Releasing connection org.apache.http.impl.conn.ManagedClientConnectionImpl@21d7052e
20:46:25.041 [CreateStudentsDataDrivenTest-1-thread-1] DEBUG o.a.h.i.conn.DefaultClientConnection - Connection 0.0.0.0:54701<->127.0.0.1:8085 shut down
20:46:25.045 [CreateStudentsDataDrivenTest-1-thread-1] DEBUG n.t.core.steps.StepInterceptor - STEP DONE: Creating student with FirstName: {0}, LastName: {1}, Email: {2}, Programme: {3}, Courses: {4}
]]></system-out>
  </testcase>
  <testcase name="createMultipleStudents" classname="com.studentapplication.junit.studentsinfo.CreateStudentsDataDrivenTest" time="0.45">
    <system-out><![CDATA[20:46:25.046 [CreateStudentsDataDrivenTest-1-thread-1] INFO   - 
  _____   ___   ___   _____     ___     _     ___   ___   ___   ___  
 |_   _| | __| / __| |_   _|   | _ \   /_\   / __| / __| | __| |   \ 
   | |   | _|  \__ \   | |     |  _/  / _ \  \__ \ \__ \ | _|  | |) |
   |_|   |___| |___/   |_|     |_|   /_/ \_\ |___/ |___/ |___| |___/ 

Data Driven Test for adding multiple students to the Student APp
----------------------------------------------------------------------
20:46:25.073 [CreateStudentsDataDrivenTest-1-thread-13] DEBUG org.apache.http.wire -  << "0[\r][\n]"
20:46:25.073 [CreateStudentsDataDrivenTest-1-thread-13] DEBUG org.apache.http.wire -  << "[\r][\n]"
20:46:25.073 [CreateStudentsDataDrivenTest-1-thread-13] DEBUG o.a.h.i.c.BasicClientConnectionManager - Releasing connection org.apache.http.impl.conn.ManagedClientConnectionImpl@62d62743
20:46:25.073 [CreateStudentsDataDrivenTest-1-thread-13] DEBUG o.a.h.i.conn.DefaultClientConnection - Connection 0.0.0.0:54694<->127.0.0.1:8085 shut down
20:46:25.080 [CreateStudentsDataDrivenTest-1-thread-13] DEBUG n.t.core.steps.StepInterceptor - STEP DONE: Creating student with FirstName: {0}, LastName: {1}, Email: {2}, Programme: {3}, Courses: {4}
]]></system-out>
  </testcase>
  <testcase name="createMultipleStudents" classname="com.studentapplication.junit.studentsinfo.CreateStudentsDataDrivenTest" time="0.26">
    <system-out><![CDATA[20:46:25.083 [CreateStudentsDataDrivenTest-1-thread-13] INFO   - 
  _____   ___   ___   _____     ___     _     ___   ___   ___   ___  
 |_   _| | __| / __| |_   _|   | _ \   /_\   / __| / __| | __| |   \ 
   | |   | _|  \__ \   | |     |  _/  / _ \  \__ \ \__ \ | _|  | |) |
   |_|   |___| |___/   |_|     |_|   /_/ \_\ |___/ |___/ |___| |___/ 

Data Driven Test for adding multiple students to the Student APp
----------------------------------------------------------------------
20:46:25.123 [CreateStudentsDataDrivenTest-1-thread-2] DEBUG org.apache.http.wire -  << "HTTP/1.1 500 [\r][\n]"
20:46:25.123 [CreateStudentsDataDrivenTest-1-thread-2] DEBUG org.apache.http.wire -  << "Content-Type: application/json;charset=UTF-8[\r][\n]"
20:46:25.123 [CreateStudentsDataDrivenTest-1-thread-2] DEBUG org.apache.http.wire -  << "Transfer-Encoding: chunked[\r][\n]"
20:46:25.123 [CreateStudentsDataDrivenTest-1-thread-2] DEBUG org.apache.http.wire -  << "Date: Thu, 23 Nov 2023 15:16:24 GMT[\r][\n]"
20:46:25.123 [CreateStudentsDataDrivenTest-1-thread-2] DEBUG org.apache.http.wire -  << "Connection: close[\r][\n]"
20:46:25.123 [CreateStudentsDataDrivenTest-1-thread-2] DEBUG org.apache.http.wire -  << "[\r][\n]"
20:46:25.124 [CreateStudentsDataDrivenTest-1-thread-2] DEBUG o.a.h.i.conn.DefaultClientConnection - Receiving response: HTTP/1.1 500 
20:46:25.124 [CreateStudentsDataDrivenTest-1-thread-2] DEBUG org.apache.http.headers - << HTTP/1.1 500 
20:46:25.124 [CreateStudentsDataDrivenTest-1-thread-2] DEBUG org.apache.http.headers - << Content-Type: application/json;charset=UTF-8
20:46:25.124 [CreateStudentsDataDrivenTest-1-thread-2] DEBUG org.apache.http.headers - << Transfer-Encoding: chunked
20:46:25.124 [CreateStudentsDataDrivenTest-1-thread-2] DEBUG org.apache.http.headers - << Date: Thu, 23 Nov 2023 15:16:24 GMT
20:46:25.124 [CreateStudentsDataDrivenTest-1-thread-2] DEBUG org.apache.http.headers - << Connection: close
20:46:25.124 [CreateStudentsDataDrivenTest-1-thread-2] DEBUG i.r.i.RequestSpecificationImpl$RestAssuredHttpBuilder - Parsing response as: application/json;charset=UTF-8
20:46:25.124 [CreateStudentsDataDrivenTest-1-thread-2] DEBUG i.r.i.RequestSpecificationImpl$RestAssuredHttpBuilder - Parsed data to instance of: class org.apache.http.conn.EofSensorInputStream
20:46:25.126 [CreateStudentsDataDrivenTest-1-thread-2] DEBUG org.apache.http.wire -  << "28[\r][\n]"
20:46:25.126 [CreateStudentsDataDrivenTest-1-thread-2] DEBUG org.apache.http.wire -  << "{"error":"Email address already exists"}"
20:46:25.126 [CreateStudentsDataDrivenTest-1-thread-2] DEBUG org.apache.http.wire -  << "[\r][\n]"
20:46:25.126 [CreateStudentsDataDrivenTest-1-thread-2] DEBUG org.apache.http.wire -  << "0[\r][\n]"
20:46:25.126 [CreateStudentsDataDrivenTest-1-thread-2] DEBUG org.apache.http.wire -  << "[\r][\n]"
20:46:25.126 [CreateStudentsDataDrivenTest-1-thread-2] DEBUG o.a.h.i.c.BasicClientConnectionManager - Releasing connection org.apache.http.impl.conn.ManagedClientConnectionImpl@229e628
20:46:25.126 [CreateStudentsDataDrivenTest-1-thread-2] DEBUG o.a.h.i.conn.DefaultClientConnection - Connection 0.0.0.0:54702<->127.0.0.1:8085 shut down
20:46:25.131 [CreateStudentsDataDrivenTest-1-thread-2] DEBUG n.t.core.steps.StepInterceptor - STEP DONE: Creating student with FirstName: {0}, LastName: {1}, Email: {2}, Programme: {3}, Courses: {4}
]]></system-out>
  </testcase>
  <testcase name="createMultipleStudents" classname="com.studentapplication.junit.studentsinfo.CreateStudentsDataDrivenTest" time="0.274">
    <system-out><![CDATA[20:46:25.132 [CreateStudentsDataDrivenTest-1-thread-2] INFO   - 
  _____   ___   ___   _____     ___     _     ___   ___   ___   ___  
 |_   _| | __| / __| |_   _|   | _ \   /_\   / __| / __| | __| |   \ 
   | |   | _|  \__ \   | |     |  _/  / _ \  \__ \ \__ \ | _|  | |) |
   |_|   |___| |___/   |_|     |_|   /_/ \_\ |___/ |___/ |___| |___/ 

Data Driven Test for adding multiple students to the Student APp
----------------------------------------------------------------------
20:46:25.156 [CreateStudentsDataDrivenTest-1-thread-11] DEBUG org.apache.http.wire -  << "HTTP/1.1 500 [\r][\n]"
20:46:25.156 [CreateStudentsDataDrivenTest-1-thread-11] DEBUG org.apache.http.wire -  << "Content-Type: application/json;charset=UTF-8[\r][\n]"
20:46:25.156 [CreateStudentsDataDrivenTest-1-thread-11] DEBUG org.apache.http.wire -  << "Transfer-Encoding: chunked[\r][\n]"
20:46:25.156 [CreateStudentsDataDrivenTest-1-thread-11] DEBUG org.apache.http.wire -  << "Date: Thu, 23 Nov 2023 15:16:24 GMT[\r][\n]"
20:46:25.156 [CreateStudentsDataDrivenTest-1-thread-11] DEBUG org.apache.http.wire -  << "Connection: close[\r][\n]"
20:46:25.156 [CreateStudentsDataDrivenTest-1-thread-11] DEBUG org.apache.http.wire -  << "[\r][\n]"
20:46:25.156 [CreateStudentsDataDrivenTest-1-thread-11] DEBUG o.a.h.i.conn.DefaultClientConnection - Receiving response: HTTP/1.1 500 
20:46:25.156 [CreateStudentsDataDrivenTest-1-thread-11] DEBUG org.apache.http.headers - << HTTP/1.1 500 
20:46:25.156 [CreateStudentsDataDrivenTest-1-thread-11] DEBUG org.apache.http.headers - << Content-Type: application/json;charset=UTF-8
20:46:25.156 [CreateStudentsDataDrivenTest-1-thread-11] DEBUG org.apache.http.headers - << Transfer-Encoding: chunked
20:46:25.156 [CreateStudentsDataDrivenTest-1-thread-11] DEBUG org.apache.http.headers - << Date: Thu, 23 Nov 2023 15:16:24 GMT
20:46:25.156 [CreateStudentsDataDrivenTest-1-thread-11] DEBUG org.apache.http.headers - << Connection: close
20:46:25.156 [CreateStudentsDataDrivenTest-1-thread-11] DEBUG i.r.i.RequestSpecificationImpl$RestAssuredHttpBuilder - Parsing response as: application/json;charset=UTF-8
20:46:25.156 [CreateStudentsDataDrivenTest-1-thread-11] DEBUG i.r.i.RequestSpecificationImpl$RestAssuredHttpBuilder - Parsed data to instance of: class org.apache.http.conn.EofSensorInputStream
20:46:25.157 [CreateStudentsDataDrivenTest-1-thread-11] DEBUG org.apache.http.wire -  << "28[\r][\n]"
20:46:25.157 [CreateStudentsDataDrivenTest-1-thread-11] DEBUG org.apache.http.wire -  << "{"error":"Email address already exists"}"
20:46:25.157 [CreateStudentsDataDrivenTest-1-thread-11] DEBUG org.apache.http.wire -  << "[\r][\n]"
20:46:25.159 [CreateStudentsDataDrivenTest-1-thread-11] DEBUG org.apache.http.wire -  << "0[\r][\n]"
20:46:25.159 [CreateStudentsDataDrivenTest-1-thread-11] DEBUG org.apache.http.wire -  << "[\r][\n]"
20:46:25.159 [CreateStudentsDataDrivenTest-1-thread-11] DEBUG o.a.h.i.c.BasicClientConnectionManager - Releasing connection org.apache.http.impl.conn.ManagedClientConnectionImpl@237d91ed
20:46:25.159 [CreateStudentsDataDrivenTest-1-thread-16] DEBUG org.apache.http.wire -  << "HTTP/1.1 500 [\r][\n]"
20:46:25.159 [CreateStudentsDataDrivenTest-1-thread-16] DEBUG org.apache.http.wire -  << "Content-Type: application/json;charset=UTF-8[\r][\n]"
20:46:25.159 [CreateStudentsDataDrivenTest-1-thread-16] DEBUG org.apache.http.wire -  << "Transfer-Encoding: chunked[\r][\n]"
20:46:25.159 [CreateStudentsDataDrivenTest-1-thread-16] DEBUG org.apache.http.wire -  << "Date: Thu, 23 Nov 2023 15:16:24 GMT[\r][\n]"
20:46:25.159 [CreateStudentsDataDrivenTest-1-thread-16] DEBUG org.apache.http.wire -  << "Connection: close[\r][\n]"
20:46:25.159 [CreateStudentsDataDrivenTest-1-thread-16] DEBUG org.apache.http.wire -  << "[\r][\n]"
20:46:25.159 [CreateStudentsDataDrivenTest-1-thread-16] DEBUG o.a.h.i.conn.DefaultClientConnection - Receiving response: HTTP/1.1 500 
20:46:25.159 [CreateStudentsDataDrivenTest-1-thread-16] DEBUG org.apache.http.headers - << HTTP/1.1 500 
20:46:25.159 [CreateStudentsDataDrivenTest-1-thread-16] DEBUG org.apache.http.headers - << Content-Type: application/json;charset=UTF-8
20:46:25.159 [CreateStudentsDataDrivenTest-1-thread-16] DEBUG org.apache.http.headers - << Transfer-Encoding: chunked
20:46:25.159 [CreateStudentsDataDrivenTest-1-thread-16] DEBUG org.apache.http.headers - << Date: Thu, 23 Nov 2023 15:16:24 GMT
20:46:25.159 [CreateStudentsDataDrivenTest-1-thread-16] DEBUG org.apache.http.headers - << Connection: close
20:46:25.159 [CreateStudentsDataDrivenTest-1-thread-11] DEBUG o.a.h.i.conn.DefaultClientConnection - Connection 0.0.0.0:54703<->127.0.0.1:8085 shut down
20:46:25.159 [CreateStudentsDataDrivenTest-1-thread-16] DEBUG i.r.i.RequestSpecificationImpl$RestAssuredHttpBuilder - Parsing response as: application/json;charset=UTF-8
20:46:25.159 [CreateStudentsDataDrivenTest-1-thread-16] DEBUG i.r.i.RequestSpecificationImpl$RestAssuredHttpBuilder - Parsed data to instance of: class org.apache.http.conn.EofSensorInputStream
20:46:25.160 [CreateStudentsDataDrivenTest-1-thread-16] DEBUG org.apache.http.wire -  << "28[\r][\n]"
20:46:25.160 [CreateStudentsDataDrivenTest-1-thread-16] DEBUG org.apache.http.wire -  << "{"error":"Email address already exists"}"
20:46:25.160 [CreateStudentsDataDrivenTest-1-thread-16] DEBUG org.apache.http.wire -  << "[\r][\n]"
20:46:25.163 [CreateStudentsDataDrivenTest-1-thread-11] DEBUG n.t.core.steps.StepInterceptor - STEP DONE: Creating student with FirstName: {0}, LastName: {1}, Email: {2}, Programme: {3}, Courses: {4}
]]></system-out>
  </testcase>
  <testcase name="createMultipleStudents" classname="com.studentapplication.junit.studentsinfo.CreateStudentsDataDrivenTest" time="0.403">
    <system-out><![CDATA[20:46:25.164 [CreateStudentsDataDrivenTest-1-thread-11] INFO   - 
  _____   ___   ___   _____     ___     _     ___   ___   ___   ___  
 |_   _| | __| / __| |_   _|   | _ \   /_\   / __| / __| | __| |   \ 
   | |   | _|  \__ \   | |     |  _/  / _ \  \__ \ \__ \ | _|  | |) |
   |_|   |___| |___/   |_|     |_|   /_/ \_\ |___/ |___/ |___| |___/ 

Data Driven Test for adding multiple students to the Student APp
----------------------------------------------------------------------
20:46:25.218 [CreateStudentsDataDrivenTest-1-thread-16] DEBUG org.apache.http.wire -  << "0[\r][\n]"
20:46:25.218 [CreateStudentsDataDrivenTest-1-thread-16] DEBUG org.apache.http.wire -  << "[\r][\n]"
20:46:25.218 [CreateStudentsDataDrivenTest-1-thread-16] DEBUG o.a.h.i.c.BasicClientConnectionManager - Releasing connection org.apache.http.impl.conn.ManagedClientConnectionImpl@28925764
20:46:25.218 [CreateStudentsDataDrivenTest-1-thread-16] DEBUG o.a.h.i.conn.DefaultClientConnection - Connection 0.0.0.0:54700<->127.0.0.1:8085 shut down
20:46:25.222 [CreateStudentsDataDrivenTest-1-thread-16] DEBUG n.t.core.steps.StepInterceptor - STEP DONE: Creating student with FirstName: {0}, LastName: {1}, Email: {2}, Programme: {3}, Courses: {4}
]]></system-out>
  </testcase>
  <testcase name="createMultipleStudents" classname="com.studentapplication.junit.studentsinfo.CreateStudentsDataDrivenTest" time="0.474">
    <system-out><![CDATA[20:46:25.223 [CreateStudentsDataDrivenTest-1-thread-16] INFO   - 
  _____   ___   ___   _____     ___     _     ___   ___   ___   ___  
 |_   _| | __| / __| |_   _|   | _ \   /_\   / __| / __| | __| |   \ 
   | |   | _|  \__ \   | |     |  _/  / _ \  \__ \ \__ \ | _|  | |) |
   |_|   |___| |___/   |_|     |_|   /_/ \_\ |___/ |___/ |___| |___/ 

Data Driven Test for adding multiple students to the Student APp
----------------------------------------------------------------------
20:46:25.278 [CreateStudentsDataDrivenTest-1-thread-5] DEBUG org.apache.http.wire -  << "HTTP/1.1 500 [\r][\n]"
20:46:25.278 [CreateStudentsDataDrivenTest-1-thread-5] DEBUG org.apache.http.wire -  << "Content-Type: application/json;charset=UTF-8[\r][\n]"
20:46:25.278 [CreateStudentsDataDrivenTest-1-thread-5] DEBUG org.apache.http.wire -  << "Transfer-Encoding: chunked[\r][\n]"
20:46:25.278 [CreateStudentsDataDrivenTest-1-thread-5] DEBUG org.apache.http.wire -  << "Date: Thu, 23 Nov 2023 15:16:24 GMT[\r][\n]"
20:46:25.278 [CreateStudentsDataDrivenTest-1-thread-5] DEBUG org.apache.http.wire -  << "Connection: close[\r][\n]"
20:46:25.278 [CreateStudentsDataDrivenTest-1-thread-5] DEBUG org.apache.http.wire -  << "[\r][\n]"
20:46:25.278 [CreateStudentsDataDrivenTest-1-thread-5] DEBUG o.a.h.i.conn.DefaultClientConnection - Receiving response: HTTP/1.1 500 
20:46:25.278 [CreateStudentsDataDrivenTest-1-thread-5] DEBUG org.apache.http.headers - << HTTP/1.1 500 
20:46:25.278 [CreateStudentsDataDrivenTest-1-thread-5] DEBUG org.apache.http.headers - << Content-Type: application/json;charset=UTF-8
20:46:25.278 [CreateStudentsDataDrivenTest-1-thread-5] DEBUG org.apache.http.headers - << Transfer-Encoding: chunked
20:46:25.278 [CreateStudentsDataDrivenTest-1-thread-5] DEBUG org.apache.http.headers - << Date: Thu, 23 Nov 2023 15:16:24 GMT
20:46:25.278 [CreateStudentsDataDrivenTest-1-thread-5] DEBUG org.apache.http.headers - << Connection: close
20:46:25.278 [CreateStudentsDataDrivenTest-1-thread-5] DEBUG i.r.i.RequestSpecificationImpl$RestAssuredHttpBuilder - Parsing response as: application/json;charset=UTF-8
20:46:25.278 [CreateStudentsDataDrivenTest-1-thread-5] DEBUG i.r.i.RequestSpecificationImpl$RestAssuredHttpBuilder - Parsed data to instance of: class org.apache.http.conn.EofSensorInputStream
20:46:25.278 [CreateStudentsDataDrivenTest-1-thread-5] DEBUG org.apache.http.wire -  << "28[\r][\n]"
20:46:25.278 [CreateStudentsDataDrivenTest-1-thread-5] DEBUG org.apache.http.wire -  << "{"error":"Email address already exists"}"
20:46:25.278 [CreateStudentsDataDrivenTest-1-thread-5] DEBUG org.apache.http.wire -  << "[\r][\n]"
20:46:25.279 [CreateStudentsDataDrivenTest-1-thread-5] DEBUG org.apache.http.wire -  << "0[\r][\n]"
20:46:25.279 [CreateStudentsDataDrivenTest-1-thread-5] DEBUG org.apache.http.wire -  << "[\r][\n]"
20:46:25.279 [CreateStudentsDataDrivenTest-1-thread-5] DEBUG o.a.h.i.c.BasicClientConnectionManager - Releasing connection org.apache.http.impl.conn.ManagedClientConnectionImpl@797f1056
20:46:25.279 [CreateStudentsDataDrivenTest-1-thread-5] DEBUG o.a.h.i.conn.DefaultClientConnection - Connection 0.0.0.0:54699<->127.0.0.1:8085 shut down
20:46:25.284 [CreateStudentsDataDrivenTest-1-thread-5] DEBUG n.t.core.steps.StepInterceptor - STEP DONE: Creating student with FirstName: {0}, LastName: {1}, Email: {2}, Programme: {3}, Courses: {4}
]]></system-out>
  </testcase>
</testsuite>