<?xml version="1.0" encoding="UTF-8"?>
<testsuite xmlns:xsi="http://www.w3.org/2001/XMLSchema-instance" xsi:noNamespaceSchemaLocation="https://maven.apache.org/surefire/maven-failsafe-plugin/xsd/failsafe-test-report-3.0.xsd" version="3.0" name="com.studentapplication.junit.studentsinfo.TagsTest" time="15.496" tests="3" errors="0" skipped="0" failures="0">
  <properties>
[...]
</properties>
  <testcase name="inValidMehod" classname="com.studentapplication.junit.studentsinfo.TagsTest" time="12.518">
    <system-out><![CDATA[20:46:03.288 [main] DEBUG n.thucydides.core.steps.StepEventBus - Test suite started for class com.studentapplication.junit.studentsinfo.TagsTest
20:46:03.462 [main] DEBUG n.s.j.SerenityTestExecutionListener - Thread[main,5,main] Test started TestIdentifier [uniqueId = [engine:junit-vintage]/[runner:com.studentapplication.junit.studentsinfo.TagsTest]/[test:inValidMehod(com.studentapplication.junit.studentsinfo.TagsTest)], parentId = [engine:junit-vintage]/[runner:com.studentapplication.junit.studentsinfo.TagsTest], displayName = 'inValidMehod', legacyReportingName = 'inValidMehod', source = MethodSource [className = 'com.studentapplication.junit.studentsinfo.TagsTest', methodName = 'inValidMehod', methodParameterTypes = ''], tags = [], type = TEST]
20:46:14.472 [main] DEBUG o.a.h.i.c.BasicClientConnectionManager - Get connection for route {}->http://localhost:8085
20:46:14.511 [main] DEBUG o.a.h.i.c.DefaultClientConnectionOperator - Connecting to localhost:8085
20:46:14.684 [main] DEBUG o.a.h.c.protocol.RequestAddCookies - CookieSpec selected: ignoreCookies
20:46:14.871 [main] DEBUG o.a.h.c.protocol.RequestAuthCache - Auth cache not set in the context
20:46:14.871 [main] DEBUG o.a.h.c.p.RequestTargetAuthentication - Target auth state: UNCHALLENGED
20:46:14.874 [main] DEBUG o.a.h.c.p.RequestProxyAuthentication - Proxy auth state: UNCHALLENGED
20:46:14.875 [main] DEBUG o.a.h.impl.client.DefaultHttpClient - Attempt 1 to execute request
20:46:14.875 [main] DEBUG o.a.h.i.conn.DefaultClientConnection - Sending request: POST /student/list HTTP/1.1
20:46:14.875 [main] DEBUG org.apache.http.wire -  >> "POST /student/list HTTP/1.1[\r][\n]"
20:46:14.877 [main] DEBUG org.apache.http.wire -  >> "Content-Type: application/x-www-form-urlencoded; charset=ISO-8859-1[\r][\n]"
20:46:14.877 [main] DEBUG org.apache.http.wire -  >> "Accept: */*[\r][\n]"
20:46:14.878 [main] DEBUG org.apache.http.wire -  >> "Content-Length: 0[\r][\n]"
20:46:14.878 [main] DEBUG org.apache.http.wire -  >> "Host: localhost:8085[\r][\n]"
20:46:14.878 [main] DEBUG org.apache.http.wire -  >> "Connection: Keep-Alive[\r][\n]"
20:46:14.878 [main] DEBUG org.apache.http.wire -  >> "User-Agent: Apache-HttpClient/4.5.13 (Java/11.0.20)[\r][\n]"
20:46:14.878 [main] DEBUG org.apache.http.wire -  >> "Accept-Encoding: gzip,deflate[\r][\n]"
20:46:14.878 [main] DEBUG org.apache.http.wire -  >> "[\r][\n]"
20:46:14.878 [main] DEBUG org.apache.http.headers - >> POST /student/list HTTP/1.1
20:46:14.879 [main] DEBUG org.apache.http.headers - >> Content-Type: application/x-www-form-urlencoded; charset=ISO-8859-1
20:46:14.879 [main] DEBUG org.apache.http.headers - >> Accept: */*
20:46:14.879 [main] DEBUG org.apache.http.headers - >> Content-Length: 0
20:46:14.879 [main] DEBUG org.apache.http.headers - >> Host: localhost:8085
20:46:14.879 [main] DEBUG org.apache.http.headers - >> Connection: Keep-Alive
20:46:14.880 [main] DEBUG org.apache.http.headers - >> User-Agent: Apache-HttpClient/4.5.13 (Java/11.0.20)
20:46:14.881 [main] DEBUG org.apache.http.headers - >> Accept-Encoding: gzip,deflate
20:46:15.530 [main] DEBUG org.apache.http.wire -  << "HTTP/1.1 405 [\r][\n]"
20:46:15.532 [main] DEBUG org.apache.http.wire -  << "Allow: GET, PATCH, DELETE, PUT[\r][\n]"
20:46:15.532 [main] DEBUG org.apache.http.wire -  << "Content-Type: application/json;charset=UTF-8[\r][\n]"
20:46:15.532 [main] DEBUG org.apache.http.wire -  << "Transfer-Encoding: chunked[\r][\n]"
20:46:15.532 [main] DEBUG org.apache.http.wire -  << "Date: Thu, 23 Nov 2023 15:16:15 GMT[\r][\n]"
20:46:15.533 [main] DEBUG org.apache.http.wire -  << "[\r][\n]"
20:46:15.533 [main] DEBUG o.a.h.i.conn.DefaultClientConnection - Receiving response: HTTP/1.1 405 
20:46:15.534 [main] DEBUG org.apache.http.headers - << HTTP/1.1 405 
20:46:15.534 [main] DEBUG org.apache.http.headers - << Allow: GET, PATCH, DELETE, PUT
20:46:15.534 [main] DEBUG org.apache.http.headers - << Content-Type: application/json;charset=UTF-8
20:46:15.534 [main] DEBUG org.apache.http.headers - << Transfer-Encoding: chunked
20:46:15.534 [main] DEBUG org.apache.http.headers - << Date: Thu, 23 Nov 2023 15:16:15 GMT
20:46:15.542 [main] DEBUG o.a.h.impl.client.DefaultHttpClient - Connection can be kept alive indefinitely
20:46:15.591 [main] DEBUG i.r.i.RequestSpecificationImpl$RestAssuredHttpBuilder - Parsing response as: application/json;charset=UTF-8
20:46:15.592 [main] DEBUG i.r.i.RequestSpecificationImpl$RestAssuredHttpBuilder - Parsed data to instance of: class org.apache.http.conn.EofSensorInputStream
20:46:15.834 [main] DEBUG org.apache.http.wire -  << "d9[\r][\n]"
20:46:15.834 [main] DEBUG org.apache.http.wire -  << "{"timestamp":1700752575241,"status":405,"error":"Method Not Allowed","exception":"org.springframework.web.HttpRequestMethodNotSupportedException","message":"Request method 'POST' not supported","path":"/student/list"}"
20:46:15.835 [main] DEBUG org.apache.http.wire -  << "[\r][\n]"
20:46:15.836 [main] DEBUG org.apache.http.wire -  << "0[\r][\n]"
20:46:15.836 [main] DEBUG org.apache.http.wire -  << "[\r][\n]"
20:46:15.837 [main] DEBUG o.a.h.i.c.BasicClientConnectionManager - Releasing connection org.apache.http.impl.conn.ManagedClientConnectionImpl@25de8898
20:46:15.837 [main] DEBUG o.a.h.i.c.BasicClientConnectionManager - Connection can be kept alive indefinitely
HTTP/1.1 405 
Allow: GET, PATCH, DELETE, PUT
Content-Type: application/json;charset=UTF-8
Transfer-Encoding: chunked
Date: Thu, 23 Nov 2023 15:16:15 GMT

{
    "timestamp": 1700752575241,
    "status": 405,
    "error": "Method Not Allowed",
    "exception": "org.springframework.web.HttpRequestMethodNotSupportedException",
    "message": "Request method 'POST' not supported",
    "path": "/student/list"
}
]]></system-out>
  </testcase>
  <testcase name="incorrectResource" classname="com.studentapplication.junit.studentsinfo.TagsTest" time="0.116">
    <system-out><![CDATA[20:46:16.402 [main] DEBUG n.thucydides.core.steps.StepEventBus - Test suite started for class com.studentapplication.junit.studentsinfo.TagsTest
20:46:16.405 [main] DEBUG n.s.j.SerenityTestExecutionListener - Thread[main,5,main] Test started TestIdentifier [uniqueId = [engine:junit-vintage]/[runner:com.studentapplication.junit.studentsinfo.TagsTest]/[test:incorrectResource(com.studentapplication.junit.studentsinfo.TagsTest)], parentId = [engine:junit-vintage]/[runner:com.studentapplication.junit.studentsinfo.TagsTest], displayName = 'incorrectResource', legacyReportingName = 'incorrectResource', source = MethodSource [className = 'com.studentapplication.junit.studentsinfo.TagsTest', methodName = 'incorrectResource', methodParameterTypes = ''], tags = [], type = TEST]
20:46:16.478 [main] DEBUG o.a.h.i.c.BasicClientConnectionManager - Get connection for route {}->http://localhost:8085
20:46:16.479 [main] DEBUG o.a.h.i.c.DefaultClientConnectionOperator - Connecting to localhost:8085
20:46:16.481 [main] DEBUG o.a.h.c.protocol.RequestAddCookies - CookieSpec selected: ignoreCookies
20:46:16.481 [main] DEBUG o.a.h.c.protocol.RequestAuthCache - Auth cache not set in the context
20:46:16.481 [main] DEBUG o.a.h.c.p.RequestTargetAuthentication - Target auth state: UNCHALLENGED
20:46:16.481 [main] DEBUG o.a.h.c.p.RequestProxyAuthentication - Proxy auth state: UNCHALLENGED
20:46:16.481 [main] DEBUG o.a.h.impl.client.DefaultHttpClient - Attempt 1 to execute request
20:46:16.481 [main] DEBUG o.a.h.i.conn.DefaultClientConnection - Sending request: GET /student/list223 HTTP/1.1
20:46:16.481 [main] DEBUG org.apache.http.wire -  >> "GET /student/list223 HTTP/1.1[\r][\n]"
20:46:16.481 [main] DEBUG org.apache.http.wire -  >> "Accept: */*[\r][\n]"
20:46:16.481 [main] DEBUG org.apache.http.wire -  >> "Host: localhost:8085[\r][\n]"
20:46:16.481 [main] DEBUG org.apache.http.wire -  >> "Connection: Keep-Alive[\r][\n]"
20:46:16.481 [main] DEBUG org.apache.http.wire -  >> "User-Agent: Apache-HttpClient/4.5.13 (Java/11.0.20)[\r][\n]"
20:46:16.481 [main] DEBUG org.apache.http.wire -  >> "Accept-Encoding: gzip,deflate[\r][\n]"
20:46:16.481 [main] DEBUG org.apache.http.wire -  >> "[\r][\n]"
20:46:16.482 [main] DEBUG org.apache.http.headers - >> GET /student/list223 HTTP/1.1
20:46:16.482 [main] DEBUG org.apache.http.headers - >> Accept: */*
20:46:16.482 [main] DEBUG org.apache.http.headers - >> Host: localhost:8085
20:46:16.482 [main] DEBUG org.apache.http.headers - >> Connection: Keep-Alive
20:46:16.482 [main] DEBUG org.apache.http.headers - >> User-Agent: Apache-HttpClient/4.5.13 (Java/11.0.20)
20:46:16.483 [main] DEBUG org.apache.http.headers - >> Accept-Encoding: gzip,deflate
20:46:16.515 [main] DEBUG org.apache.http.wire -  << "HTTP/1.1 400 [\r][\n]"
20:46:16.515 [main] DEBUG org.apache.http.wire -  << "Content-Type: application/json;charset=UTF-8[\r][\n]"
20:46:16.516 [main] DEBUG org.apache.http.wire -  << "Transfer-Encoding: chunked[\r][\n]"
20:46:16.516 [main] DEBUG org.apache.http.wire -  << "Date: Thu, 23 Nov 2023 15:16:16 GMT[\r][\n]"
20:46:16.516 [main] DEBUG org.apache.http.wire -  << "Connection: close[\r][\n]"
20:46:16.516 [main] DEBUG org.apache.http.wire -  << "[\r][\n]"
20:46:16.516 [main] DEBUG o.a.h.i.conn.DefaultClientConnection - Receiving response: HTTP/1.1 400 
20:46:16.516 [main] DEBUG org.apache.http.headers - << HTTP/1.1 400 
20:46:16.516 [main] DEBUG org.apache.http.headers - << Content-Type: application/json;charset=UTF-8
20:46:16.516 [main] DEBUG org.apache.http.headers - << Transfer-Encoding: chunked
20:46:16.516 [main] DEBUG org.apache.http.headers - << Date: Thu, 23 Nov 2023 15:16:16 GMT
20:46:16.516 [main] DEBUG org.apache.http.headers - << Connection: close
20:46:16.516 [main] DEBUG i.r.i.RequestSpecificationImpl$RestAssuredHttpBuilder - Parsing response as: application/json;charset=UTF-8
20:46:16.516 [main] DEBUG i.r.i.RequestSpecificationImpl$RestAssuredHttpBuilder - Parsed data to instance of: class org.apache.http.conn.EofSensorInputStream
20:46:16.519 [main] DEBUG org.apache.http.wire -  << "16c[\r][\n]"
20:46:16.519 [main] DEBUG org.apache.http.wire -  << "{"timestamp":1700752576355,"status":400,"error":"Bad Request","exception":"org.springframework.web.method.annotation.MethodArgumentTypeMismatchException","message":"Failed to convert value of type 'java.lang.String' to required type 'java.lang.Integer'; nested exception is java.lang.NumberFormatException: For input string: \"list223\"","path":"/student/list223"}"
20:46:16.519 [main] DEBUG org.apache.http.wire -  << "[\r][\n]"
20:46:16.522 [main] DEBUG org.apache.http.wire -  << "0[\r][\n]"
20:46:16.522 [main] DEBUG org.apache.http.wire -  << "[\r][\n]"
20:46:16.522 [main] DEBUG o.a.h.i.c.BasicClientConnectionManager - Releasing connection org.apache.http.impl.conn.ManagedClientConnectionImpl@7d284f15
20:46:16.523 [main] DEBUG o.a.h.i.conn.DefaultClientConnection - Connection 0.0.0.0:54597<->127.0.0.1:8085 shut down
HTTP/1.1 400 
Content-Type: application/json;charset=UTF-8
Transfer-Encoding: chunked
Date: Thu, 23 Nov 2023 15:16:16 GMT
Connection: close

{
    "timestamp": 1700752576355,
    "status": 400,
    "error": "Bad Request",
    "exception": "org.springframework.web.method.annotation.MethodArgumentTypeMismatchException",
    "message": "Failed to convert value of type 'java.lang.String' to required type 'java.lang.Integer'; nested exception is java.lang.NumberFormatException: For input string: \"list223\"",
    "path": "/student/list223"
}
]]></system-out>
  </testcase>
  <testcase name="verifyIfStatuscodeIs200" classname="com.studentapplication.junit.studentsinfo.TagsTest" time="0.257">
    <system-out><![CDATA[20:46:16.527 [main] DEBUG n.thucydides.core.steps.StepEventBus - Test suite started for class com.studentapplication.junit.studentsinfo.TagsTest
20:46:16.529 [main] DEBUG n.s.j.SerenityTestExecutionListener - Thread[main,5,main] Test started TestIdentifier [uniqueId = [engine:junit-vintage]/[runner:com.studentapplication.junit.studentsinfo.TagsTest]/[test:verifyIfStatuscodeIs200(com.studentapplication.junit.studentsinfo.TagsTest)], parentId = [engine:junit-vintage]/[runner:com.studentapplication.junit.studentsinfo.TagsTest], displayName = 'verifyIfStatuscodeIs200', legacyReportingName = 'verifyIfStatuscodeIs200', source = MethodSource [className = 'com.studentapplication.junit.studentsinfo.TagsTest', methodName = 'verifyIfStatuscodeIs200', methodParameterTypes = ''], tags = [], type = TEST]
20:46:16.558 [main] DEBUG o.a.h.i.c.BasicClientConnectionManager - Get connection for route {}->http://localhost:8085
20:46:16.559 [main] DEBUG o.a.h.i.c.DefaultClientConnectionOperator - Connecting to localhost:8085
20:46:16.560 [main] DEBUG o.a.h.c.protocol.RequestAddCookies - CookieSpec selected: ignoreCookies
20:46:16.560 [main] DEBUG o.a.h.c.protocol.RequestAuthCache - Auth cache not set in the context
20:46:16.560 [main] DEBUG o.a.h.c.p.RequestTargetAuthentication - Target auth state: UNCHALLENGED
20:46:16.560 [main] DEBUG o.a.h.c.p.RequestProxyAuthentication - Proxy auth state: UNCHALLENGED
20:46:16.561 [main] DEBUG o.a.h.impl.client.DefaultHttpClient - Attempt 1 to execute request
20:46:16.561 [main] DEBUG o.a.h.i.conn.DefaultClientConnection - Sending request: GET /student/list HTTP/1.1
20:46:16.561 [main] DEBUG org.apache.http.wire -  >> "GET /student/list HTTP/1.1[\r][\n]"
20:46:16.561 [main] DEBUG org.apache.http.wire -  >> "Accept: */*[\r][\n]"
20:46:16.561 [main] DEBUG org.apache.http.wire -  >> "Host: localhost:8085[\r][\n]"
20:46:16.561 [main] DEBUG org.apache.http.wire -  >> "Connection: Keep-Alive[\r][\n]"
20:46:16.561 [main] DEBUG org.apache.http.wire -  >> "User-Agent: Apache-HttpClient/4.5.13 (Java/11.0.20)[\r][\n]"
20:46:16.561 [main] DEBUG org.apache.http.wire -  >> "Accept-Encoding: gzip,deflate[\r][\n]"
20:46:16.561 [main] DEBUG org.apache.http.wire -  >> "[\r][\n]"
20:46:16.561 [main] DEBUG org.apache.http.headers - >> GET /student/list HTTP/1.1
20:46:16.561 [main] DEBUG org.apache.http.headers - >> Accept: */*
20:46:16.561 [main] DEBUG org.apache.http.headers - >> Host: localhost:8085
20:46:16.561 [main] DEBUG org.apache.http.headers - >> Connection: Keep-Alive
20:46:16.561 [main] DEBUG org.apache.http.headers - >> User-Agent: Apache-HttpClient/4.5.13 (Java/11.0.20)
20:46:16.561 [main] DEBUG org.apache.http.headers - >> Accept-Encoding: gzip,deflate
20:46:16.712 [main] DEBUG org.apache.http.wire -  << "HTTP/1.1 200 [\r][\n]"
20:46:16.713 [main] DEBUG org.apache.http.wire -  << "Content-Type: application/json;charset=UTF-8[\r][\n]"
20:46:16.713 [main] DEBUG org.apache.http.wire -  << "Transfer-Encoding: chunked[\r][\n]"
20:46:16.713 [main] DEBUG org.apache.http.wire -  << "Date: Thu, 23 Nov 2023 15:16:16 GMT[\r][\n]"
20:46:16.713 [main] DEBUG org.apache.http.wire -  << "[\r][\n]"
20:46:16.713 [main] DEBUG o.a.h.i.conn.DefaultClientConnection - Receiving response: HTTP/1.1 200 
20:46:16.713 [main] DEBUG org.apache.http.headers - << HTTP/1.1 200 
20:46:16.713 [main] DEBUG org.apache.http.headers - << Content-Type: application/json;charset=UTF-8
20:46:16.713 [main] DEBUG org.apache.http.headers - << Transfer-Encoding: chunked
20:46:16.713 [main] DEBUG org.apache.http.headers - << Date: Thu, 23 Nov 2023 15:16:16 GMT
20:46:16.713 [main] DEBUG o.a.h.impl.client.DefaultHttpClient - Connection can be kept alive indefinitely
20:46:16.714 [main] DEBUG i.r.i.RequestSpecificationImpl$RestAssuredHttpBuilder - Parsing response as: application/json;charset=UTF-8
20:46:16.714 [main] DEBUG i.r.i.RequestSpecificationImpl$RestAssuredHttpBuilder - Parsed data to instance of: class org.apache.http.conn.EofSensorInputStream
20:46:16.715 [main] DEBUG org.apache.http.wire -  << "2000[\r][\n]"
20:46:16.717 [main] DEBUG org.apache.http.wire -  << "[{"id":1,"firstName":"Vernon","lastName":"Harper","email":"egestas.rhoncus.Proin@massaQuisqueporttitor.org","programme":"Financial Analysis","courses":["Accounting","Statistics"]},{"id":2,"firstName":"Murphy","lastName":"Holmes","email":"faucibus.orci.luctus@Duisac.net","programme":"Financial Analysis","courses":["Accounting","Statistics"]},{"id":3,"firstName":"Reece","lastName":"Jason","email":"tincidunt.dui@ultricessit.co.uk","programme":"Computer Science","courses":["Calculus","Algorithms","Software Development","Ethics"]},{"id":4,"firstName":"Orson","lastName":"Armando","email":"nascetur@conguea.com","programme":"Computer Science","courses":["Calculus","Algorithms","Software Development","Ethics"]},{"id":5,"firstName":"Cullen","lastName":"Craig","email":"imperdiet.ullamcorper@nonenimMauris.co.uk","programme":"Disaster Management","courses":["Disaster Preparedness"]},{"id":6,"firstName":"Harper","lastName":"Rashad","email":"vestibulum@ridiculusmus.edu","programme":"Disaster Management","courses":["Disaster Preparedness"]},{"id":7,"firstName":"Roth","lastName":"Grant","email":"eu.tellus@anuncIn.edu","programme":"Mechanical Engineering","courses":["Machine Element Design","Engineering Analysis I","Calculus & Linear Algebra I "]},{"id":8,"firstName":"Jermaine","lastName":"Alden","email":"scelerisque.sed@senectuset.org","programme":"Law","courses":["Criminal Law","Constitutional Law","Property Law","Contracts"]},{"id":9,"firstName":"Sebastian","lastName":"Jesse","email":"faucibus@sed.co.uk","programme":"Medicine","courses":["Anatomy","Biochemistry","Genetics","Human Behavior."]},{"id":10,"firstName":"Todd","lastName":"Beck","email":"Fusce.dolor.quam@commodoauctor.org","programme":"Financial Analysis","courses":["Accounting","Statistics"]},{"id":11,"firstName":"Giacomo","lastName":"Raphael","email":"magnis.dis@idmagnaet.com","programme":"Medicine","courses":["Anatomy","Biochemistry","Genetics","Human Behavior."]},{"id":12,"firstName":"Chadwick","lastName":"Lawrence","email":"turpis.non.enim@sociisnatoque.com","programme":"Criminology","courses":["Criminal Mind","Gender, Crime and Justice ","Philosophy of Law "]},{"id":13,"firstName":"Zachary","lastName":"Vance","email":"In.tincidunt.congue@Quisque.com","programme":"Criminology","courses":["Criminal Mind","Gender, Crime and Justice ","Philosophy of Law "]},{"id":14,"firstName":"Denton","lastName":"Walker","email":"Integer.sem@iaculisodioNam.edu","programme":"Mechanical Engineering","courses":["Machine Element Design","Engineering Analysis I","Calculus & Linear Algebra I "]},{"id":15,"firstName":"Hakeem","lastName":"Fitzgerald","email":"accumsan@luctuset.edu","programme":"Financial Analysis","courses":["Accounting","Statistics"]},{"id":16,"firstName":"Jakeem","lastName":"Philip","email":"montes.nascetur.ridiculus@loremDonec.com","programme":"Mechanical Engineering","courses":["Machine Element Design","Engineering Analysis I","Calculus & Linear Algebra I "]},{"id":17,"firstName":"Amal","lastName":"Emery","email":"turpis.egestas.Aliquam@fermentum.net","programme":"Computer Science","courses":["Calculus","Algorithms","Software Development","Ethics"]},{"id":18,"firstName":"Reed","lastName":"Wylie","email":"Suspendisse.aliquet.sem@atrisus.org","programme":"Medicine","courses":["Anatomy","Biochemistry","Genetics","Human Behavior."]},{"id":19,"firstName":"Lev","lastName":"Philip","email":"dolor.elit.pellentesque@enimEtiamimperdiet.ca","programme":"Computer Science","courses":["Calculus","Algorithms","Software Development","Ethics"]},{"id":20,"firstName":"Lamar","lastName":"Berk","email":"leo.Vivamus@sit.org","programme":"Medicine","courses":["Anatomy","Biochemistry","Genetics","Human Behavior."]},{"id":21,"firstName":"Nathaniel","lastName":"Colton","email":"hendrerit@et.co.uk","programme":"Medicine","courses":["Anatomy","Biochemistry","Genetics","Human Behavior."]},{"id":22,"firstName":"Kennan","lastName":"Jacob","email":"vel.vulputate@vitaedolorDonec.ca","programme":"Financial Analysis","courses":["Accounting","Statistics"]},{"id":23,"firstName":"Omar","lastName":"Colt","email":"venenatis.a@Pellentesque.co.uk","programme":"Mechanical Engineering","courses":["Machine Element Design","Engineering Analysis I","Calculus & Linear Algebra I "]},{"id":24,"firstName":"Tanek","lastName":"Scott","email":"Sed.malesuada@porttitoreros.ca","programme":"Criminology","courses":["Criminal Mind","Gender, Crime and Justice ","Philosophy of Law "]},{"id":25,"firstName":"Paki","lastName":"Samson","email":"ornare@Mauriseuturpis.edu","programme":"Law","courses":["Criminal Law","Constitutional Law","Property Law","Contracts"]},{"id":26,"firstName":"James","lastName":"Jonah","email":"Nullam@Cras.net","programme":"Mechanical Engineering","courses":["Machine Element Design","Engineering Analysis I","Calculus & Linear Algebra I "]},{"id":27,"firstName":"Cade","lastName":"Vernon","email":"pharetra.sed@Aliquamvulputateullamcorper.ca","programme":"Mechanical Engineering","courses":["Machine Element Design","Engineering Analysis I","Calculus & Linear Algebra I "]},{"id":28,"firstName":"Quentin","lastName":"Chadwick","email":"sed.turpis.nec@risusQuisque.ca","programme":"Mechanical Engineering","courses":["Machine Element Design","Engineering Analysis I","Calculus & Linear Algebra I "]},{"id":29,"firstName":"Arden","lastName":"Abel","email":"consequat.enim@ultricessit.com","programme":"Law","courses":["Criminal Law","Constitutional Law","Property Law","Contracts"]},{"id":30,"firstName":"Lars","lastName":"Keith","email":"Fusce@Quisquefringillaeuismod.org","programme":"Medicine","courses":["Anatomy","Biochemistry","Genetics","Human Behavior."]},{"id":31,"firstName":"Emmanuel","lastName":"Gavin","email":"ornare.libero@perinceptoshymenaeos.co.uk","programme":"Criminology","courses":["Criminal Mind","Gender, Crime and Justice ","Philosophy of Law "]},{"id":32,"firstName":"Noah","lastName":"Oren","email":"Proin.vel@placerat.org","programme":"Law","courses":["Criminal Law","Constitutional Law","Property Law","Contracts"]},{"id":33,"firstName":"Mason","lastName":"Barry","email":"id@incursus.co.uk","programme":"Law","courses":["Criminal Law","Constitutional Law","Property Law","Contracts"]},{"id":34,"firstName":"Elliott","lastName":"Brady","email":"Vestibulum@adlitora.net","programme":"Law","courses":["Criminal Law","Constitutional Law","Property Law","Contracts"]},{"id":35,"firstName":"Nero","lastName":"Brett","email":"amet.ante@sit.com","programme":"Disaster Management","courses":["Disaster Preparedness"]},{"id":36,"firstName":"Elvis","lastName":"Abraham","email":"neque@interdumfeugiat.net","programme":"Disaster Management","courses":["Disaster Preparedness"]},{"id":37,"firstName":"Kieran","lastName":"Ross","email":"magnis.dis.parturient@laciniaorci.edu","programme":"Disaster Management","courses":["Disaster Preparedness"]},{"id":38,"firstName":"Noah","lastName":"Merrill","email":"et@ipsum.net","programme":"Medicine","courses":["Anatomy","Biochemistry","Genetics","Human Behavior."]},{"id":39,"firstName":"Peter","lastName":"Noble","email":"turpis@sagittisplaceratCras.ca","programme":"Computer Science","courses":["Calculus","Algorithms","Software Development","Ethics"]},{"id":40,"firstName":"Axel","lastName":"Bradley","email":"ridiculus.mus@tempus.net","programme":"Mechanical Engineering","courses":["Machine Element Design","Engineering Analysis I","Calculus & Linear Algebra I "]},{"id":41,"firstName":"Hashim","lastName":"Chancellor","email":"at.pretium@eleifendvitae.net","programme":"Medicine","courses":["Anatomy","Biochemistry","Genetics","Human Behavior."]},{"id":42,"firstName":"Alan","lastName":"Connor","email":"vel.turpis.Aliquam@metus.org","programme":"Mechanical Engineering","courses":["Machine Element Design","Engineering Analysis I","Calculus & Linear Algebra I "]},{"id":43,"firstName":"Abel","lastName":"Rudyard","email":"orci.luctus.et@posuere.com","programme":"Computer Science","courses":["Calculus","Algorithms","Software Development","Ethics"]},{"id":44,"firstName":"Cedric","lastName":"Zeus","em"
20:46:16.733 [main] DEBUG org.apache.http.wire -  << "ail":"Quisque.tincidunt@nullaanteiaculis.co.uk","programme":"Law","courses":["Criminal Law","Constitutional Law","Property Law","Contr"
20:46:16.733 [main] DEBUG org.apache.http.wire -  << "[\r][\n]"
20:46:16.734 [main] DEBUG org.apache.http.wire -  << "2000[\r][\n]"
20:46:16.735 [main] DEBUG org.apache.http.wire -  << "acts"]},{"id":45,"firstName":"Boris","lastName":"Kato","email":"dictum@tortorInteger.org","programme":"Medicine","courses":["Anatomy","Biochemistry","Genetics","Human Behavior."]},{"id":46,"firstName":"Walter","lastName":"Phelan","email":"diam@nectellusNunc.edu","programme":"Law","courses":["Criminal Law","Constitutional Law","Property Law","Contracts"]},{"id":47,"firstName":"Preston","lastName":"Branden","email":"sagittis.semper@urnaNullam.net","programme":"Criminology","courses":["Criminal Mind","Gender, Crime and Justice ","Philosophy of Law "]},{"id":48,"firstName":"Kane","lastName":"Alec","email":"dignissim.Maecenas.ornare@adui.edu","programme":"Law","courses":["Criminal Law","Constitutional Law","Property Law","Contracts"]},{"id":49,"firstName":"Igor","lastName":"Ezra","email":"cursus.non.egestas@laciniaorci.net","programme":"Criminology","courses":["Criminal Mind","Gender, Crime and Justice ","Philosophy of Law "]},{"id":50,"firstName":"Yoshio","lastName":"Kato","email":"Vivamus.rhoncus@semutcursus.ca","programme":"Disaster Management","courses":["Disaster Preparedness"]},{"id":51,"firstName":"Fletcher","lastName":"Vance","email":"orci.lacus@hendreritDonecporttitor.net","programme":"Computer Science","courses":["Calculus","Algorithms","Software Development","Ethics"]},{"id":52,"firstName":"Burton","lastName":"Merrill","email":"mauris@malesuada.ca","programme":"Law","courses":["Criminal Law","Constitutional Law","Property Law","Contracts"]},{"id":53,"firstName":"Rafael","lastName":"Vladimir","email":"mauris.ipsum.porta@sit.ca","programme":"Law","courses":["Criminal Law","Constitutional Law","Property Law","Contracts"]},{"id":54,"firstName":"Dolan","lastName":"Hyatt","email":"augue.malesuada@Pellentesqueut.net","programme":"Computer Science","courses":["Calculus","Algorithms","Software Development","Ethics"]},{"id":55,"firstName":"Driscoll","lastName":"Russell","email":"Lorem.ipsum.dolor@eu.co.uk","programme":"Computer Science","courses":["Calculus","Algorithms","Software Development","Ethics"]},{"id":56,"firstName":"Boris","lastName":"Dexter","email":"purus@mollis.co.uk","programme":"Law","courses":["Criminal Law","Constitutional Law","Property Law","Contracts"]},{"id":57,"firstName":"Maxwell","lastName":"Tarik","email":"pharetra.Quisque.ac@facilisisSuspendisse.edu","programme":"Criminology","courses":["Criminal Mind","Gender, Crime and Justice ","Philosophy of Law "]},{"id":58,"firstName":"Nero","lastName":"Ulysses","email":"inceptos.hymenaeos.Mauris@Proin.edu","programme":"Financial Analysis","courses":["Accounting","Statistics"]},{"id":59,"firstName":"Chase","lastName":"Laith","email":"ridiculus.mus.Donec@netus.org","programme":"Mechanical Engineering","courses":["Machine Element Design","Engineering Analysis I","Calculus & Linear Algebra I "]},{"id":60,"firstName":"Dominic","lastName":"Malcolm","email":"mi.felis.adipiscing@liberoettristique.edu","programme":"Criminology","courses":["Criminal Mind","Gender, Crime and Justice ","Philosophy of Law "]},{"id":61,"firstName":"Ross","lastName":"Hedley","email":"Ut.tincidunt.vehicula@nuncidenim.edu","programme":"Criminology","courses":["Criminal Mind","Gender, Crime and Justice ","Philosophy of Law "]},{"id":62,"firstName":"Abel","lastName":"Garrett","email":"rhoncus@sociisnatoquepenatibus.ca","programme":"Financial Analysis","courses":["Accounting","Statistics"]},{"id":63,"firstName":"Nero","lastName":"Clarke","email":"eget.metus.In@disparturientmontes.org","programme":"Computer Science","courses":["Calculus","Algorithms","Software Development","Ethics"]},{"id":64,"firstName":"Thane","lastName":"Carl","email":"ut.nulla@netuset.co.uk","programme":"Criminology","courses":["Criminal Mind","Gender, Crime and Justice ","Philosophy of Law "]},{"id":65,"firstName":"Jerome","lastName":"Jackson","email":"ac.turpis@facilisislorem.net","programme":"Computer Science","courses":["Calculus","Algorithms","Software Development","Ethics"]},{"id":66,"firstName":"Tate","lastName":"Martin","email":"ante.blandit@semeget.org","programme":"Law","courses":["Criminal Law","Constitutional Law","Property Law","Contracts"]},{"id":67,"firstName":"Caldwell","lastName":"Daniel","email":"lobortis@nequevenenatislacus.net","programme":"Medicine","courses":["Anatomy","Biochemistry","Genetics","Human Behavior."]},{"id":68,"firstName":"Lucian","lastName":"Holmes","email":"Cras@lorem.org","programme":"Medicine","courses":["Anatomy","Biochemistry","Genetics","Human Behavior."]},{"id":69,"firstName":"Akeem","lastName":"Herrod","email":"vel.venenatis@Nullamvelit.com","programme":"Disaster Management","courses":["Disaster Preparedness"]},{"id":70,"firstName":"Vance","lastName":"Colin","email":"quam.vel.sapien@vellectusCum.org","programme":"Disaster Management","courses":["Disaster Preparedness"]},{"id":71,"firstName":"Austin","lastName":"Jelani","email":"Nulla@nuncid.net","programme":"Medicine","courses":["Anatomy","Biochemistry","Genetics","Human Behavior."]},{"id":72,"firstName":"Jackson","lastName":"Honorato","email":"In@vestibulumlorem.com","programme":"Criminology","courses":["Criminal Mind","Gender, Crime and Justice ","Philosophy of Law "]},{"id":73,"firstName":"Lee","lastName":"Acton","email":"rutrum@mattis.org","programme":"Mechanical Engineering","courses":["Machine Element Design","Engineering Analysis I","Calculus & Linear Algebra I "]},{"id":74,"firstName":"Aquila","lastName":"Sylvester","email":"Aliquam.ultrices.iaculis@duiquisaccumsan.co.uk","programme":"Criminology","courses":["Criminal Mind","Gender, Crime and Justice ","Philosophy of Law "]},{"id":75,"firstName":"Baker","lastName":"Cairo","email":"fermentum@diam.com","programme":"Financial Analysis","courses":["Accounting","Statistics"]},{"id":76,"firstName":"Samuel","lastName":"Kibo","email":"semper@enimcommodohendrerit.co.uk","programme":"Criminology","courses":["Criminal Mind","Gender, Crime and Justice ","Philosophy of Law "]},{"id":77,"firstName":"Byron","lastName":"Warren","email":"enim.Etiam.imperdiet@sitamet.ca","programme":"Mechanical Engineering","courses":["Machine Element Design","Engineering Analysis I","Calculus & Linear Algebra I "]},{"id":78,"firstName":"Declan","lastName":"Barclay","email":"Proin.nisl.sem@Aliquamnecenim.org","programme":"Mechanical Engineering","courses":["Machine Element Design","Engineering Analysis I","Calculus & Linear Algebra I "]},{"id":79,"firstName":"Robert","lastName":"Cullen","email":"in.dolor@pede.co.uk","programme":"Disaster Management","courses":["Disaster Preparedness"]},{"id":80,"firstName":"Troy","lastName":"Simon","email":"Cras.vulputate.velit@ornare.org","programme":"Criminology","courses":["Criminal Mind","Gender, Crime and Justice ","Philosophy of Law "]},{"id":81,"firstName":"Tiger","lastName":"Wylie","email":"risus.quis.diam@Proin.ca","programme":"Disaster Management","courses":["Disaster Preparedness"]},{"id":82,"firstName":"Herrod","lastName":"Adam","email":"hendrerit.neque@a.co.uk","programme":"Medicine","courses":["Anatomy","Biochemistry","Genetics","Human Behavior."]},{"id":83,"firstName":"Yuli","lastName":"Griffin","email":"ipsum.non@vitae.co.uk","programme":"Criminology","courses":["Criminal Mind","Gender, Crime and Justice ","Philosophy of Law "]},{"id":84,"firstName":"Chancellor","lastName":"Ali","email":"ultrices@Nullam.net","programme":"Medicine","courses":["Anatomy","Biochemistry","Genetics","Human Behavior."]},{"id":85,"firstName":"Charles","lastName":"Randall","email":"ipsum.porta.elit@morbitristique.net","programme":"Law","courses":["Criminal Law","Constitutional Law","Property Law","Contracts"]},{"id":86,"firstName":"Lucius","lastName":"Gage","email":"auctor.vitae.aliquet@parturient.org","programme":"Disaster Management","courses":["Disaster Preparedness"]},{"id":87,"firstName":"Richard","lastName":"Dane","email":"Nulla.eget@musDonecdignissim.co.uk","programme":"Mechanical Engineering","courses":["Machine Element Design","Engineering Analysis I","Calculus & Linear Algebra I "]},{"id":88,"firstName":"Addison","lastName":"Jermaine","email":"est.Maur"
20:46:16.746 [main] DEBUG org.apache.http.wire -  << "is@et.co.uk","programme":"Disaster Management","courses":["Disaster Preparedness"]},{"id":89,"firstName":"Acton","lastName":"Elliott","email":"
20:46:16.746 [main] DEBUG org.apache.http.wire -  << "[\r][\n]"
20:46:16.746 [main] DEBUG org.apache.http.wire -  << "2000[\r][\n]"
20:46:16.747 [main] DEBUG org.apache.http.wire -  << ""sem.eget@posuerecubiliaCurae.ca","programme":"Medicine","courses":["Anatomy","Biochemistry","Genetics","Human Behavior."]},{"id":90,"firstName":"Channing","lastName":"Howard","email":"est.congue@velit.com","programme":"Medicine","courses":["Anatomy","Biochemistry","Genetics","Human Behavior."]},{"id":91,"firstName":"Darius","lastName":"Nehru","email":"risus.varius.orci@sitamet.edu","programme":"Medicine","courses":["Anatomy","Biochemistry","Genetics","Human Behavior."]},{"id":92,"firstName":"Walter","lastName":"Arsenio","email":"a.ultricies@duiFusce.edu","programme":"Financial Analysis","courses":["Accounting","Statistics"]},{"id":93,"firstName":"Dieter","lastName":"Matthew","email":"a@pretium.ca","programme":"Mechanical Engineering","courses":["Machine Element Design","Engineering Analysis I","Calculus & Linear Algebra I "]},{"id":94,"firstName":"Evan","lastName":"Yoshio","email":"sapien.gravida.non@noncursus.com","programme":"Financial Analysis","courses":["Accounting","Statistics"]},{"id":95,"firstName":"Hamilton","lastName":"Dennis","email":"luctus.lobortis@nonbibendumsed.com","programme":"Mechanical Engineering","courses":["Machine Element Design","Engineering Analysis I","Calculus & Linear Algebra I "]},{"id":96,"firstName":"Gavin","lastName":"Driscoll","email":"lacinia.mattis@risusDonec.net","programme":"Medicine","courses":["Anatomy","Biochemistry","Genetics","Human Behavior."]},{"id":97,"firstName":"Brendan","lastName":"Allistair","email":"Nunc.laoreet@Sed.ca","programme":"Computer Science","courses":["Calculus","Algorithms","Software Development","Ethics"]},{"id":98,"firstName":"Gary","lastName":"Robert","email":"molestie@vitaesemper.ca","programme":"Computer Science","courses":["Calculus","Algorithms","Software Development","Ethics"]},{"id":99,"firstName":"Fletcher","lastName":"Brenden","email":"semper@nequesed.co.uk","programme":"Computer Science","courses":["Calculus","Algorithms","Software Development","Ethics"]},{"id":100,"firstName":"Oscar","lastName":"Barclay","email":"non.ante.bibendum@risusDonecegestas.edu","programme":"Mechanical Engineering","courses":["Machine Element Design","Engineering Analysis I","Calculus & Linear Algebra I "]},{"id":101,"firstName":"Catherine","lastName":"D'Ugo","email":"cdugo6@amazon.de","programme":"Electrical","courses":["python"]},{"id":102,"firstName":"Friedrick","lastName":"Siemens","email":"fsiemens5@soup.io","programme":"Computer Science","courses":["c#"]},{"id":103,"firstName":"Alfy","lastName":"Mapstone","email":"amapstone0@dyndns.org","programme":"Mechanical","courses":["scala"]},{"id":104,"firstName":"Veronica","lastName":"Campaigne","email":"vcampaigne2@photobucket.com","programme":"Computer Science","courses":["python"]},{"id":105,"firstName":"Curry","lastName":"Vlasin","email":"cvlasin3@deviantart.com","programme":"Mechanical","courses":["c#"]},{"id":106,"firstName":"Belicia","lastName":"Nealy","email":"bnealy7@webs.com","programme":"Electrical","courses":["java"]},{"id":107,"firstName":"Killie","lastName":"Estick","email":"kestick4@walmart.com","programme":"Electrical","courses":["scala"]},{"id":108,"firstName":"Dalt","lastName":"Klimt","email":"dklimt1@histats.com","programme":"Electrical","courses":["python"]},{"id":109,"firstName":"Alina","lastName":"Lickess","email":"alickess9@blinklist.com","programme":"Computer Science","courses":["java"]},{"id":110,"firstName":"Sherman","lastName":"Giovannacci","email":"sgiovannaccib@cargocollective.com","programme":"Electrical","courses":["python"]},{"id":111,"firstName":"Alfred","lastName":"Trewhella","email":"atrewhellad@blog.com","programme":"Computer Science","courses":["c#"]},{"id":112,"firstName":"Fulvia","lastName":"Ferie","email":"fferieg@icq.com","programme":"Computer Science","courses":["scala"]},{"id":113,"firstName":"Celinka","lastName":"Paulot","email":"cpaulotf@geocities.com","programme":"Electrical","courses":["java"]},{"id":114,"firstName":"Alvin","lastName":"Gheerhaert","email":"agheerhaert8@ca.gov","programme":"Computer Science","courses":["scala"]},{"id":115,"firstName":"Hakeem","lastName":"Prinett","email":"hprinettc@1688.com","programme":"Electrical","courses":["python"]},{"id":116,"firstName":"Alverta","lastName":"Entissle","email":"aentisslee@angelfire.com","programme":"Electrical","courses":["c#"]},{"id":117,"firstName":"Dulcinea","lastName":"Linger","email":"dlingerh@cloudflare.com","programme":"Computer Science","courses":["java"]},{"id":118,"firstName":"Max","lastName":"O'Moylane","email":"momoylanea@joomla.org","programme":"Computer Science","courses":["c#"]},{"id":119,"firstName":"Agata","lastName":"Very","email":"averyi@zdnet.com","programme":"Computer Science","courses":["python"]},{"id":120,"firstName":"Kennith","lastName":"Mc Dermid","email":"kmcdermidj@statcounter.com","programme":"Computer Science","courses":["python"]},{"id":121,"firstName":"Ulric","lastName":"Higginbottam","email":"uhigginbottamn@dailymotion.com","programme":"Computer Science","courses":["scala"]},{"id":122,"firstName":"Laurie","lastName":"Siggens","email":"lsiggensm@java.com","programme":"Electrical","courses":["scala"]},{"id":123,"firstName":"Ivette","lastName":"Leicester","email":"ileicesterk@friendfeed.com","programme":"Electrical","courses":["python"]},{"id":124,"firstName":"Randell","lastName":"Wicklen","email":"rwicklenp@senate.gov","programme":"Mechanical","courses":["python"]},{"id":125,"firstName":"Lynnea","lastName":"Harce","email":"lharcer@skype.com","programme":"Electrical","courses":["java"]},{"id":126,"firstName":"Oliviero","lastName":"McSparran","email":"omcsparrano@barnesandnoble.com","programme":"Electrical","courses":["scala"]},{"id":127,"firstName":"Hayden","lastName":"Chellam","email":"hchellaml@google.com.au","programme":"Mechanical","courses":["java"]},{"id":128,"firstName":"Yancey","lastName":"Dahler","email":"ydahlerq@dot.gov","programme":"Electrical","courses":["python"]},{"id":129,"firstName":"Jeniece","lastName":"Janaud","email":"jjanaudt@baidu.com","programme":"Electrical","courses":["python"]},{"id":130,"firstName":"Cirillo","lastName":"Lacotte","email":"clacottes@ucoz.ru","programme":"Computer Science","courses":["c#"]},{"id":131,"firstName":"Ives","lastName":"Todman","email":"itodmanx@fotki.com","programme":"Electrical","courses":["java"]},{"id":132,"firstName":"Ema","lastName":"Rathbourne","email":"erathbourney@admin.ch","programme":"Computer Science","courses":["c#"]},{"id":133,"firstName":"Britteny","lastName":"Navein","email":"bnaveinv@mtv.com","programme":"Electrical","courses":["c#"]},{"id":134,"firstName":"Yorker","lastName":"Speek","email":"yspeekw@aboutads.info","programme":"Computer Science","courses":["python"]},{"id":135,"firstName":"Esmeralda","lastName":"Archbald","email":"earchbaldz@who.int","programme":"Mechanical","courses":["python"]},{"id":136,"firstName":"Livvy","lastName":"Milner","email":"lmilneru@google.cn","programme":"Computer Science","courses":["scala"]},{"id":137,"firstName":"Zsa zsa","lastName":"Heningam","email":"zheningam11@canalblog.com","programme":"Mechanical","courses":["python"]},{"id":138,"firstName":"Edna","lastName":"Saunter","email":"esaunter10@mapquest.com","programme":"Mechanical","courses":["c#"]},{"id":139,"firstName":"Venita","lastName":"Swyne","email":"vswyne12@is.gd","programme":"Electrical","courses":["scala"]},{"id":140,"firstName":"Gasparo","lastName":"Bunworth","email":"gbunworth14@elpais.com","programme":"Computer Science","courses":["python"]},{"id":141,"firstName":"Terra","lastName":"Haldane","email":"thaldane13@washington.edu","programme":"Computer Science","courses":["java"]},{"id":142,"firstName":"North","lastName":"Hindmore","email":"nhindmore17@bluehost.com","programme":"Electrical","courses":["java"]},{"id":143,"firstName":"Donnell","lastName":"Rose","email":"drose16@edublogs.org","programme":"Mechanical","courses":["python"]},{"id":144,"firstName":"Chelsie","lastName":"Mansour","email":"cmansour15@canalblog.com","programme":"Electrical","courses":["python"]},{"id":145,"firstName":"Jdavie","las"
20:46:16.747 [main] DEBUG org.apache.http.wire -  << "tName":"Ceci","email":"jceci1b@alexa.com","programme":"Electrical","courses":["scala"]},{"id":146,"firstName":"Ellyn","lastName":"Mulqueen","email":"e"
20:46:16.747 [main] DEBUG org.apache.http.wire -  << "[\r][\n]"
20:46:16.747 [main] DEBUG org.apache.http.wire -  << "1c82[\r][\n]"
20:46:16.747 [main] DEBUG org.apache.http.wire -  << "mulqueen1f@narod.ru","programme":"Mechanical","courses":["c#"]},{"id":147,"firstName":"Ryon","lastName":"Minor","email":"rminor18@chronoengine.com","programme":"Computer Science","courses":["java"]},{"id":148,"firstName":"Lothario","lastName":"Callington","email":"lcallington1d@smh.com.au","programme":"Computer Science","courses":["scala"]},{"id":149,"firstName":"Gerry","lastName":"Zorzini","email":"gzorzini1c@twitter.com","programme":"Computer Science","courses":["python"]},{"id":150,"firstName":"Glori","lastName":"Pien","email":"gpien1a@infoseek.co.jp","programme":"Electrical","courses":["scala"]},{"id":151,"firstName":"Koenraad","lastName":"Schwandt","email":"kschwandt1e@utexas.edu","programme":"Electrical","courses":["java"]},{"id":152,"firstName":"Cristy","lastName":"Bridgement","email":"cbridgement19@deliciousdays.com","programme":"Computer Science","courses":["c#"]},{"id":153,"firstName":"Riccardo","lastName":"Mardling","email":"rmardling1h@arstechnica.com","programme":"Mechanical","courses":["python"]},{"id":154,"firstName":"Lotta","lastName":"Wilkins","email":"lwilkins1i@vimeo.com","programme":"Electrical","courses":["python"]},{"id":155,"firstName":"Elianore","lastName":"Quare","email":"equare1l@berkeley.edu","programme":"Mechanical","courses":["scala"]},{"id":156,"firstName":"Sumner","lastName":"Kildahl","email":"skildahl1j@msn.com","programme":"Electrical","courses":["python"]},{"id":157,"firstName":"Bale","lastName":"Ruslen","email":"bruslen1g@tmall.com","programme":"Electrical","courses":["scala"]},{"id":158,"firstName":"Riordan","lastName":"Doud","email":"rdoud1k@uol.com.br","programme":"Computer Science","courses":["python"]},{"id":159,"firstName":"Shanan","lastName":"McHale","email":"smchale1m@senate.gov","programme":"Mechanical","courses":["scala"]},{"id":160,"firstName":"Margy","lastName":"Gillian","email":"mgillian1n@epa.gov","programme":"Electrical","courses":["c#"]},{"id":161,"firstName":"Josephine","lastName":"Sharp","email":"jsharp1o@slideshare.net","programme":"Mechanical","courses":["java"]},{"id":162,"firstName":"Bengt","lastName":"Bener","email":"bbener1q@edublogs.org","programme":"Electrical","courses":["python"]},{"id":163,"firstName":"Cirstoforo","lastName":"Meddemmen","email":"cmeddemmen1p@miitbeian.gov.cn","programme":"Mechanical","courses":["python"]},{"id":164,"firstName":"Doroteya","lastName":"Huggins","email":"dhuggins1r@pcworld.com","programme":"Mechanical","courses":["c#"]},{"id":165,"firstName":"Geoffry","lastName":"Bellworthy","email":"gbellworthy1s@networkadvertising.org","programme":"Computer Science","courses":["python"]},{"id":166,"firstName":"Clementia","lastName":"Willshee","email":"cwillshee1w@cyberchimps.com","programme":"Computer Science","courses":["java"]},{"id":167,"firstName":"Janeta","lastName":"Bunclark","email":"jbunclark1x@nymag.com","programme":"Mechanical","courses":["java"]},{"id":168,"firstName":"Josias","lastName":"Slany","email":"jslany1u@creativecommons.org","programme":"Electrical","courses":["java"]},{"id":169,"firstName":"Essy","lastName":"Swainson","email":"eswainson1z@statcounter.com","programme":"Electrical","courses":["c#"]},{"id":170,"firstName":"Raven","lastName":"Selvester","email":"rselvester22@alibaba.com","programme":"Computer Science","courses":["java"]},{"id":171,"firstName":"Rockie","lastName":"Lackney","email":"rlackney1y@g.co","programme":"Computer Science","courses":["c#"]},{"id":172,"firstName":"Cristie","lastName":"Matzkaitis","email":"cmatzkaitis1v@stumbleupon.com","programme":"Computer Science","courses":["scala"]},{"id":173,"firstName":"Vernon","lastName":"Rowbury","email":"vrowbury1t@ycombinator.com","programme":"Mechanical","courses":["scala"]},{"id":174,"firstName":"Etti","lastName":"Charrington","email":"echarrington20@oakley.com","programme":"Mechanical","courses":["scala"]},{"id":175,"firstName":"Brent","lastName":"Turneaux","email":"bturneaux21@nifty.com","programme":"Computer Science","courses":["python"]},{"id":176,"firstName":"Eryn","lastName":"Dacres","email":"edacres23@csmonitor.com","programme":"Computer Science","courses":["java"]},{"id":177,"firstName":"Correna","lastName":"Tame","email":"ctame25@home.pl","programme":"Electrical","courses":["python"]},{"id":178,"firstName":"Kai","lastName":"Kuzma","email":"kkuzma24@about.me","programme":"Computer Science","courses":["scala"]},{"id":179,"firstName":"Brod","lastName":"Bountiff","email":"bbountiff26@blogs.com","programme":"Electrical","courses":["python"]},{"id":180,"firstName":"Vergil","lastName":"Moakes","email":"vmoakes27@wikia.com","programme":"Computer Science","courses":["c#"]},{"id":181,"firstName":"Rica","lastName":"Woffinden","email":"rwoffinden2a@cisco.com","programme":"Mechanical","courses":["python"]},{"id":182,"firstName":"Marya","lastName":"O'Cahill","email":"mocahill29@skype.com","programme":"Computer Science","courses":["java"]},{"id":183,"firstName":"Cassius","lastName":"Smithers","email":"csmithers28@flavors.me","programme":"Electrical","courses":["python"]},{"id":184,"firstName":"Winonah","lastName":"Lorie","email":"wlorie2b@vk.com","programme":"Electrical","courses":["java"]},{"id":185,"firstName":"Keane","lastName":"Paladini","email":"kpaladini2c@alibaba.com","programme":"Computer Science","courses":["scala"]},{"id":186,"firstName":"Rosina","lastName":"Tansey","email":"rtansey2d@nationalgeographic.com","programme":"Electrical","courses":["java"]},{"id":187,"firstName":"Maryellen","lastName":"Rosentholer","email":"mrosentholer2g@pagesperso-orange.fr","programme":"Electrical","courses":["scala"]},{"id":188,"firstName":"Izabel","lastName":"Fust","email":"ifust2f@instagram.com","programme":"Electrical","courses":["java"]},{"id":189,"firstName":"Ardenia","lastName":"MacPhaden","email":"amacphaden2e@washingtonpost.com","programme":"Electrical","courses":["java"]},{"id":190,"firstName":"Cobb","lastName":"Quinlan","email":"cquinlan2i@instagram.com","programme":"Computer Science","courses":["c#"]},{"id":191,"firstName":"Druci","lastName":"Kennington","email":"dkennington2j@ed.gov","programme":"Computer Science","courses":["java"]},{"id":192,"firstName":"Tobias","lastName":"Grandham","email":"tgrandham2h@google.com.hk","programme":"Electrical","courses":["c#"]},{"id":193,"firstName":"Maisie","lastName":"Arderne","email":"marderne2l@chronoengine.com","programme":"Computer Science","courses":["c#"]},{"id":194,"firstName":"Elfie","lastName":"Loins","email":"eloins2m@cbsnews.com","programme":"Electrical","courses":["java"]},{"id":195,"firstName":"Reina","lastName":"Bows","email":"rbows2n@admin.ch","programme":"Computer Science","courses":["scala"]},{"id":196,"firstName":"Ignatius","lastName":"Degli Abbati","email":"idegliabbati2k@yelp.com","programme":"Electrical","courses":["c#"]},{"id":197,"firstName":"Lari","lastName":"Sumpton","email":"lsumpton2o@nationalgeographic.com","programme":"Computer Science","courses":["c#"]},{"id":198,"firstName":"Caleb","lastName":"Letixier","email":"cletixier2r@hp.com","programme":"Mechanical","courses":["python"]},{"id":199,"firstName":"Lexy","lastName":"Eteen","email":"leteen2q@discovery.com","programme":"Computer Science","courses":["python"]},{"id":200,"firstName":"Mandel","lastName":"Gadney","email":"mgadney2p@youtu.be","programme":"Mechanical","courses":["python"]}]"
20:46:16.748 [main] DEBUG org.apache.http.wire -  << "[\r][\n]"
20:46:16.748 [main] DEBUG org.apache.http.wire -  << "0[\r][\n]"
20:46:16.748 [main] DEBUG org.apache.http.wire -  << "[\r][\n]"
20:46:16.748 [main] DEBUG o.a.h.i.c.BasicClientConnectionManager - Releasing connection org.apache.http.impl.conn.ManagedClientConnectionImpl@49889154
20:46:16.748 [main] DEBUG o.a.h.i.c.BasicClientConnectionManager - Connection can be kept alive indefinitely
]]></system-out>
  </testcase>
</testsuite>