<?xml version="1.0" encoding="UTF-8"?><testsuite errors="0" failures="0" name="com.studentapplication.junit.studentsinfo.StudentsCRUDTest" skipped="0" tests="8" time="24.76" timestamp="2023-11-23 08:46:05"><testcase classname="com.studentapplication.junit.studentsinfo.StudentsCRUDTest" name="This test will create a new student"/><testcase classname="com.studentapplication.junit.studentsinfo.StudentsCRUDTest" name="This test will create a new student"/><testcase classname="com.studentapplication.junit.studentsinfo.StudentsCRUDTest" name="Verify if the student was added to the application"/><testcase classname="com.studentapplication.junit.studentsinfo.StudentsCRUDTest" name="Verify if the student was added to the application"/><testcase classname="com.studentapplication.junit.studentsinfo.StudentsCRUDTest" name="Update the user information and verify updated information"/><testcase classname="com.studentapplication.junit.studentsinfo.StudentsCRUDTest" name="Update the user information and verify updated information"/><testcase classname="com.studentapplication.junit.studentsinfo.StudentsCRUDTest" name="Delete the student and verify if student is there"/><testcase classname="com.studentapplication.junit.studentsinfo.StudentsCRUDTest" name="Delete the student and verify if student is there"/></testsuite>